<?xml version="1.0" encoding="UTF-8"?>
<!-- Generated by org.testng.reporters.JUnitXMLReporter -->
<testsuite hostname="LAPTOP-RMAM58HG" failures="1" tests="23" name="Default test" time="638.137" errors="0" timestamp="12 Aug 2024 16:16:11 GMT">
  <testcase classname="pages.DashboardPageTestCases" name="TestCaseVerifyTitle" time="3.037"/>
  <testcase classname="pages.DashboardPageTestCases" name="TestCaseClickOnCarousalLeftButton" time="7.901"/>
  <testcase classname="pages.DashboardPageTestCases" name="TestCaseClickOnCarousalRightButton" time="8.361"/>
  <testcase classname="pages.DashboardPageTestCases" name="TestCaseClickOnCarousalBanner" time="8.928"/>
  <testcase classname="pages.DashboardPageTestCases" name="TestCaseClickOnHamburgerMenuButton" time="4.265"/>
  <testcase classname="pages.DashboardPageTestCases" name="TestCaseSearchForProduct" time="13.036"/>
  <testcase classname="pages.DashboardPageTestCases" name="TestCaseAmazonLogo" time="4.389"/>
  <testcase classname="pages.DashboardPageTestCases" name="TestCaseEnterCurrentPinCode" time="8.342"/>
  <testcase classname="pages.DashboardPageTestCases" name="TestCaseChangeWebsiteLanguage" time="10.4"/>
  <testcase classname="pages.DashboardPageTestCases" name="TestCaseSignInPage" time="9.016"/>
  <testcase classname="pages.DashboardPageTestCases" name="TestCaseClickOnAboutUsButton" time="10.558"/>
  <testcase classname="pages.DashboardPageTestCases" name="TestCaseFooterGetToKnowUsLinksVerification" time="21.246"/>
  <testcase classname="pages.DashboardPageTestCases" name="TestCaseSocialMediaPages" time="54.901"/>
  <testcase classname="pages.DashboardPageTestCases" name="TestCaseMakeMoneyWithUsLinksVerify" time="110.337"/>
  <testcase classname="pages.DashboardPageTestCases" name="TestCaseLetUsHelpYouVerify" time="75.699"/>
  <testcase classname="pages.DashboardPageTestCases" name="TestCaseAmazonServiceCategoriesVerify" time="89.23"/>
  <testcase classname="pages.DashboardPageTestCases" name="TestCaseFooterCopyRightLinksVerify" time="22.976"/>
  <testcase classname="pages.DashboardPageTestCases" name="TestCaseAmazonTextVerify" time="3.03"/>
  <testcase classname="pages.DashboardPageTestCases" name="TestCaseAmazonFooterLogoVerify" time="4.306"/>
  <testcase classname="pages.DashboardPageTestCases" name="TestCaseLanguageChangeFromFooterVerify" time="32.958"/>
  <testcase classname="pages.DashboardPageTestCases" name="TestCaseSelectCountryVerify" time="33.192"/>
  <testcase classname="pages.DashboardPageTestCases" name="TestCaseSideNavigationTrendingUrlsVerify" time="44.108"/>
  <testcase classname="pages.DashboardPageTestCases" name="TestCaseSideNavigationDigitalContentAndDevicesVerify" time="44.149">
    <failure type="java.lang.AssertionError" message="expected [https://www.amazon.in/gp/help/customer/display.html?nodeId=G9PRYPSKBUUM6AGC&amp;amp;ref_=nav_em__shopall_alexa_app_0_2_2_6] but found [https://www.amazon.in/gp/help/customer/display.html?nodeId=201549920&amp;amp;ref_=nav_em__shopall_alexa_app_0_2_2_6]">
      <![CDATA[java.lang.AssertionError: expected [https://www.amazon.in/gp/help/customer/display.html?nodeId=G9PRYPSKBUUM6AGC&ref_=nav_em__shopall_alexa_app_0_2_2_6] but found [https://www.amazon.in/gp/help/customer/display.html?nodeId=201549920&ref_=nav_em__shopall_alexa_app_0_2_2_6]
	at org.testng.Assert.fail(Assert.java:94)
	at org.testng.Assert.failNotEquals(Assert.java:513)
	at org.testng.Assert.assertEqualsImpl(Assert.java:135)
	at org.testng.Assert.assertEquals(Assert.java:116)
	at org.testng.Assert.assertEquals(Assert.java:190)
	at org.testng.Assert.assertEquals(Assert.java:200)
	at pages.DashboardPageTestCases.TestCaseSideNavigationDigitalContentAndDevicesVerify(DashboardPageTestCases.java:1000)
	at java.base/jdk.internal.reflect.NativeMethodAccessorImpl.invoke0(Native Method)
	at java.base/jdk.internal.reflect.NativeMethodAccessorImpl.invoke(NativeMethodAccessorImpl.java:77)
	at java.base/jdk.internal.reflect.DelegatingMethodAccessorImpl.invoke(DelegatingMethodAccessorImpl.java:43)
	at java.base/java.lang.reflect.Method.invoke(Method.java:568)
	at org.testng.internal.MethodInvocationHelper.invokeMethod(MethodInvocationHelper.java:86)
	at org.testng.internal.Invoker.invokeMethod(Invoker.java:643)
	at org.testng.internal.Invoker.invokeTestMethod(Invoker.java:820)
	at org.testng.internal.Invoker.invokeTestMethods(Invoker.java:1128)
	at org.testng.internal.TestMethodWorker.invokeTestMethods(TestMethodWorker.java:129)
	at org.testng.internal.TestMethodWorker.run(TestMethodWorker.java:112)
	at org.testng.TestRunner.privateRun(TestRunner.java:782)
	at org.testng.TestRunner.run(TestRunner.java:632)
	at org.testng.SuiteRunner.runTest(SuiteRunner.java:366)
	at org.testng.SuiteRunner.runSequentially(SuiteRunner.java:361)
	at org.testng.SuiteRunner.privateRun(SuiteRunner.java:319)
	at org.testng.SuiteRunner.run(SuiteRunner.java:268)
	at org.testng.SuiteRunnerWorker.runSuite(SuiteRunnerWorker.java:52)
	at org.testng.SuiteRunnerWorker.run(SuiteRunnerWorker.java:86)
	at org.testng.TestNG.runSuitesSequentially(TestNG.java:1244)
	at org.testng.TestNG.runSuitesLocally(TestNG.java:1169)
	at org.testng.TestNG.run(TestNG.java:1064)
	at org.testng.remote.AbstractRemoteTestNG.run(AbstractRemoteTestNG.java:115)
	at org.testng.remote.RemoteTestNG.initAndRun(RemoteTestNG.java:293)
	at org.testng.remote.RemoteTestNG.main(RemoteTestNG.java:91)
]]>
    </failure>
  </testcase> <!-- TestCaseSideNavigationDigitalContentAndDevicesVerify -->
</testsuite> <!-- Default test -->
