<?xml version="1.0" encoding="UTF-8"?>
<!-- Generated by org.testng.reporters.JUnitXMLReporter -->
<testsuite hostname="LAPTOP-RMAM58HG" failures="0" tests="3" name="Default test" time="29.352" errors="0" timestamp="3 Aug 2024 06:38:46 GMT">
  <testcase classname="pages.DashboardPageTestCases" name="TestCaseVerifyTitle" time="0.023"/>
  <testcase classname="pages.DashboardPageTestCases" name="TestCase1" time="8.051"/>
  <testcase classname="pages.DashboardPageTestCases" name="TestCase2" time="7.826"/>
</testsuite> <!-- Default test -->
