<?xml version="1.0" encoding="UTF-8"?>
<!-- Generated by org.testng.reporters.JUnitXMLReporter -->
<testsuite hostname="LAPTOP-RMAM58HG" failures="0" tests="5" name="Default test" time="38.904" errors="0" timestamp="4 Aug 2024 09:01:49 GMT">
  <testcase classname="pages.DashboardPageTestCases" name="TestCaseVerifyTitle" time="0.048"/>
  <testcase classname="pages.DashboardPageTestCases" name="TestCaseClickOnCarousalLeftButton" time="7.989"/>
  <testcase classname="pages.DashboardPageTestCases" name="TestCaseClickOnCarousalRightButton" time="7.984"/>
  <testcase classname="pages.DashboardPageTestCases" name="TestCaseClickOnCarousalBanner" time="8.213"/>
  <testcase classname="pages.DashboardPageTestCases" name="TestCaseclickOnHamburgerMenuButton" time="2.191"/>
</testsuite> <!-- Default test -->
