<?xml version="1.0" encoding="UTF-8"?>
<!-- Generated by org.testng.reporters.JUnitXMLReporter -->
<testsuite hostname="LAPTOP-RMAM58HG" failures="0" tests="2" name="Default test" time="32.278" errors="0" timestamp="11 Aug 2024 17:41:12 GMT">
  <testcase classname="pages.DashboardPageTestCases" name="TestCaseVerifyTitle" time="3.027"/>
  <testcase classname="pages.DashboardPageTestCases" name="TestCaseSideNavigationDigitalContentAndDevicesVerify" time="18.703"/>
</testsuite> <!-- Default test -->
