<?xml version="1.0" encoding="UTF-8"?>
<!-- Generated by org.testng.reporters.JUnitXMLReporter -->
<testsuite hostname="LAPTOP-RMAM58HG" failures="0" tests="23" name="Test" time="0.151" errors="0" timestamp="14 Aug 2024 18:41:46 GMT">
  <testcase classname="tests.DashboardPageTestCases" name="@BeforeTest setup" time="0.0">
    <failure type="java.lang.IllegalArgumentException" message="Driver must be set">
      <![CDATA[java.lang.IllegalArgumentException: Driver must be set
	at org.openqa.selenium.internal.Require.nonNull(Require.java:61)
	at org.openqa.selenium.interactions.Actions.<init>(Actions.java:59)
	at pageObjects.DashboardPage.<init>(DashboardPage.java:21)
	at tests.DashboardPageTestCases.setup(DashboardPageTestCases.java:35)
... Removed 22 stack frames]]>
    </failure>
  </testcase> <!-- @BeforeTest setup -->
  <testcase classname="tests.DashboardPageTestCases" name="@BeforeTest setUp" time="0.0">
    <skipped/>
  </testcase> <!-- @BeforeTest setUp -->
  <testcase classname="tests.DashboardPageTestCases" name="TestCaseVerifyTitle" time="0.001">
    <skipped/>
  </testcase> <!-- TestCaseVerifyTitle -->
  <testcase classname="tests.DashboardPageTestCases" name="TestCaseClickOnCarousalLeftButton" time="0.0">
    <skipped/>
  </testcase> <!-- TestCaseClickOnCarousalLeftButton -->
  <testcase classname="tests.DashboardPageTestCases" name="TestCaseClickOnCarousalRightButton" time="0.003">
    <skipped/>
  </testcase> <!-- TestCaseClickOnCarousalRightButton -->
  <testcase classname="tests.DashboardPageTestCases" name="TestCaseClickOnHamburgerMenuButton" time="0.002">
    <skipped/>
  </testcase> <!-- TestCaseClickOnHamburgerMenuButton -->
  <testcase classname="tests.DashboardPageTestCases" name="TestCaseSearchForProduct" time="0.002">
    <skipped/>
  </testcase> <!-- TestCaseSearchForProduct -->
  <testcase classname="tests.DashboardPageTestCases" name="TestCaseAmazonLogo" time="0.008">
    <skipped/>
  </testcase> <!-- TestCaseAmazonLogo -->
  <testcase classname="tests.DashboardPageTestCases" name="TestCaseEnterCurrentPinCode" time="0.001">
    <skipped/>
  </testcase> <!-- TestCaseEnterCurrentPinCode -->
  <testcase classname="tests.DashboardPageTestCases" name="TestCaseChangeWebsiteLanguage" time="0.001">
    <skipped/>
  </testcase> <!-- TestCaseChangeWebsiteLanguage -->
  <testcase classname="tests.DashboardPageTestCases" name="TestCaseSignInPage" time="0.0">
    <skipped/>
  </testcase> <!-- TestCaseSignInPage -->
  <testcase classname="tests.DashboardPageTestCases" name="TestCaseClickOnAboutUsButton" time="0.002">
    <skipped/>
  </testcase> <!-- TestCaseClickOnAboutUsButton -->
  <testcase classname="tests.DashboardPageTestCases" name="TestCaseFooterGetToKnowUsLinksVerification" time="0.002">
    <skipped/>
  </testcase> <!-- TestCaseFooterGetToKnowUsLinksVerification -->
  <testcase classname="tests.DashboardPageTestCases" name="TestCaseSocialMediaPages" time="0.002">
    <skipped/>
  </testcase> <!-- TestCaseSocialMediaPages -->
  <testcase classname="tests.DashboardPageTestCases" name="TestCaseMakeMoneyWithUsLinksVerify" time="0.001">
    <skipped/>
  </testcase> <!-- TestCaseMakeMoneyWithUsLinksVerify -->
  <testcase classname="tests.DashboardPageTestCases" name="TestCaseLetUsHelpYouVerify" time="0.001">
    <skipped/>
  </testcase> <!-- TestCaseLetUsHelpYouVerify -->
  <testcase classname="tests.DashboardPageTestCases" name="TestCaseAmazonServiceCategoriesVerify" time="0.001">
    <skipped/>
  </testcase> <!-- TestCaseAmazonServiceCategoriesVerify -->
  <testcase classname="tests.DashboardPageTestCases" name="TestCaseFooterCopyRightLinksVerify" time="0.002">
    <skipped/>
  </testcase> <!-- TestCaseFooterCopyRightLinksVerify -->
  <testcase classname="tests.DashboardPageTestCases" name="TestCaseAmazonTextVerify" time="0.002">
    <skipped/>
  </testcase> <!-- TestCaseAmazonTextVerify -->
  <testcase classname="tests.DashboardPageTestCases" name="TestCaseAmazonFooterLogoVerify" time="0.001">
    <skipped/>
  </testcase> <!-- TestCaseAmazonFooterLogoVerify -->
  <testcase classname="tests.DashboardPageTestCases" name="TestCaseLanguageChangeFromFooterVerify" time="0.0">
    <skipped/>
  </testcase> <!-- TestCaseLanguageChangeFromFooterVerify -->
  <testcase classname="tests.DashboardPageTestCases" name="TestCaseSelectCountryVerify" time="0.001">
    <skipped/>
  </testcase> <!-- TestCaseSelectCountryVerify -->
  <testcase classname="tests.DashboardPageTestCases" name="TestCaseSideNavigationTrendingUrlsVerify" time="0.0">
    <skipped/>
  </testcase> <!-- TestCaseSideNavigationTrendingUrlsVerify -->
  <testcase classname="tests.DashboardPageTestCases" name="TestCaseSideNavigationDigitalContentAndDevicesVerify" time="0.001">
    <skipped/>
  </testcase> <!-- TestCaseSideNavigationDigitalContentAndDevicesVerify -->
  <testcase classname="tests.ProductListingPageTestCases" name="TestCaseProductFilter" time="0.001">
    <skipped/>
  </testcase> <!-- TestCaseProductFilter -->
</testsuite> <!-- Test -->
