<?xml version="1.0" encoding="UTF-8"?>
<testsuite xmlns:xsi="http://www.w3.org/2001/XMLSchema-instance" xsi:noNamespaceSchemaLocation="https://maven.apache.org/surefire/maven-surefire-plugin/xsd/surefire-test-report-3.0.xsd" version="3.0" name="TestSuite" time="16.813" tests="4" errors="0" skipped="1" failures="1">
  <properties>
[...]
</properties>
  <testcase name="TestCaseVerifyTitle" classname="tests.DashboardPageTestCases" time="3.632">
    <system-out><![CDATA[[TestNGContentHandler] [WARN] It is strongly recommended to add "<!DOCTYPE suite SYSTEM "http://testng.org/testng-1.0.dtd" >" at the top of your file, otherwise TestNG may fail or not work as expected.
hello1
]]></system-out>
    <system-err><![CDATA[SLF4J(W): No SLF4J providers were found.
SLF4J(W): Defaulting to no-operation (NOP) logger implementation
SLF4J(W): See https://www.slf4j.org/codes.html#noProviders for further details.
Aug 19, 2024 9:45:49 PM org.openqa.selenium.devtools.CdpVersionFinder findNearestMatch
WARNING: Unable to find an exact match for CDP version 127, returning the closest version; found: 124; Please update to a Selenium version that supports CDP version 127
]]></system-err>
  </testcase>
  <testcase name="TestCaseClickOnCarousalLeftButton" classname="tests.DashboardPageTestCases" time="7.975">
    <system-out><![CDATA[1
2
3
4
5
6
7
]]></system-out>
  </testcase>
  <testcase name="setUp" classname="tests.ProductListingPageTestCases" time="7.988">
    <failure message="Driver must be set" type="java.lang.IllegalArgumentException"><![CDATA[java.lang.IllegalArgumentException: Driver must be set
	at tests.ProductListingPageTestCases.setUp(ProductListingPageTestCases.java:19)
]]></failure>
  </testcase>
  <testcase name="TestCaseClickOnCarousalRightButton" classname="tests.ProductListingPageTestCases" time="0">
    <skipped/>
  </testcase>
</testsuite>