<?xml version="1.0" encoding="UTF-8"?>
<testng-results total="5" passed="5" failed="0" skipped="0">
  <reporter-output>
  </reporter-output>
  <suite started-at="2024-08-04T09:00:13Z" name="Suite" finished-at="2024-08-04T09:00:52Z" duration-ms="38665">
    <groups>
    </groups>
    <test started-at="2024-08-04T09:00:13Z" name="Test" finished-at="2024-08-04T09:00:52Z" duration-ms="38665">
      <class name="pages.DashboardPageTestCases">
        <test-method is-config="true" signature="setup()[pri:0, instance:pages.DashboardPageTestCases@3697186]" started-at="2024-08-04T14:30:13Z" name="setup" finished-at="2024-08-04T14:30:22Z" duration-ms="8700" status="PASS">
          <reporter-output>
          </reporter-output>
        </test-method> <!-- setup -->
        <test-method signature="TestCaseVerifyTitle()[pri:1, instance:pages.DashboardPageTestCases@3697186]" started-at="2024-08-04T14:30:22Z" name="TestCaseVerifyTitle" finished-at="2024-08-04T14:30:22Z" duration-ms="18" status="PASS">
          <reporter-output>
          </reporter-output>
        </test-method> <!-- TestCaseVerifyTitle -->
        <test-method signature="TestCaseClickOnCarousalLeftButton()[pri:2, instance:pages.DashboardPageTestCases@3697186]" started-at="2024-08-04T14:30:22Z" name="TestCaseClickOnCarousalLeftButton" finished-at="2024-08-04T14:30:30Z" duration-ms="8072" status="PASS">
          <reporter-output>
          </reporter-output>
        </test-method> <!-- TestCaseClickOnCarousalLeftButton -->
        <test-method signature="TestCaseClickOnCarousalRightButton()[pri:3, instance:pages.DashboardPageTestCases@3697186]" started-at="2024-08-04T14:30:30Z" name="TestCaseClickOnCarousalRightButton" finished-at="2024-08-04T14:30:38Z" duration-ms="8043" status="PASS">
          <reporter-output>
          </reporter-output>
        </test-method> <!-- TestCaseClickOnCarousalRightButton -->
        <test-method signature="TestCaseClickOnCarousalBanner()[pri:4, instance:pages.DashboardPageTestCases@3697186]" started-at="2024-08-04T14:30:38Z" name="TestCaseClickOnCarousalBanner" finished-at="2024-08-04T14:30:46Z" duration-ms="8213" status="PASS">
          <reporter-output>
          </reporter-output>
        </test-method> <!-- TestCaseClickOnCarousalBanner -->
        <test-method signature="TestCaseclickOnHamburgerMenuButton()[pri:5, instance:pages.DashboardPageTestCases@3697186]" started-at="2024-08-04T14:30:46Z" name="TestCaseclickOnHamburgerMenuButton" finished-at="2024-08-04T14:30:48Z" duration-ms="2168" status="PASS">
          <reporter-output>
          </reporter-output>
        </test-method> <!-- TestCaseclickOnHamburgerMenuButton -->
        <test-method is-config="true" signature="teardown()[pri:0, instance:pages.DashboardPageTestCases@3697186]" started-at="2024-08-04T14:30:48Z" name="teardown" finished-at="2024-08-04T14:30:52Z" duration-ms="3427" status="PASS">
          <reporter-output>
          </reporter-output>
        </test-method> <!-- teardown -->
      </class> <!-- pages.DashboardPageTestCases -->
    </test> <!-- Test -->
  </suite> <!-- Suite -->
</testng-results>
