<?xml version="1.0" encoding="UTF-8"?>
<testng-results total="3" passed="2" failed="0" skipped="1">
  <reporter-output>
  </reporter-output>
  <suite started-at="2024-08-19T16:15:51Z" name="Suite" finished-at="2024-08-19T16:16:02Z" duration-ms="11712">
    <groups>
    </groups>
    <test started-at="2024-08-19T16:15:51Z" name="Test" finished-at="2024-08-19T16:16:02Z" duration-ms="11712">
      <class name="tests.ProductListingPageTestCases">
        <test-method is-config="true" signature="setUp()[pri:0, instance:tests.ProductListingPageTestCases@54c5a2ff]" started-at="2024-08-19T21:46:02Z" name="setUp" finished-at="2024-08-19T21:46:02Z" duration-ms="0" status="FAIL">
          <exception class="java.lang.IllegalArgumentException">
            <message>
              <![CDATA[Driver must be set]]>
            </message>
            <full-stacktrace>
              <![CDATA[java.lang.IllegalArgumentException: Driver must be set
	at org.openqa.selenium.internal.Require.nonNull(Require.java:61)
	at org.openqa.selenium.interactions.Actions.<init>(Actions.java:59)
	at pageObjects.DashboardPage.<init>(DashboardPage.java:17)
	at tests.ProductListingPageTestCases.setUp(ProductListingPageTestCases.java:19)
	at java.base/jdk.internal.reflect.DirectMethodHandleAccessor.invoke(DirectMethodHandleAccessor.java:103)
	at java.base/java.lang.reflect.Method.invoke(Method.java:580)
	at org.testng.internal.MethodInvocationHelper.invokeMethod(MethodInvocationHelper.java:86)
	at org.testng.internal.Invoker.invokeConfigurationMethod(Invoker.java:514)
	at org.testng.internal.Invoker.invokeConfigurations(Invoker.java:215)
	at org.testng.internal.Invoker.invokeConfigurations(Invoker.java:142)
	at org.testng.internal.TestMethodWorker.invokeBeforeClassMethods(TestMethodWorker.java:178)
	at org.testng.internal.TestMethodWorker.run(TestMethodWorker.java:108)
	at org.testng.TestRunner.privateRun(TestRunner.java:782)
	at org.testng.TestRunner.run(TestRunner.java:632)
	at org.testng.SuiteRunner.runTest(SuiteRunner.java:366)
	at org.testng.SuiteRunner.runSequentially(SuiteRunner.java:361)
	at org.testng.SuiteRunner.privateRun(SuiteRunner.java:319)
	at org.testng.SuiteRunner.run(SuiteRunner.java:268)
	at org.testng.SuiteRunnerWorker.runSuite(SuiteRunnerWorker.java:52)
	at org.testng.SuiteRunnerWorker.run(SuiteRunnerWorker.java:86)
	at org.testng.TestNG.runSuitesSequentially(TestNG.java:1244)
	at org.testng.TestNG.runSuitesLocally(TestNG.java:1169)
	at org.testng.TestNG.run(TestNG.java:1064)
	at org.apache.maven.surefire.testng.TestNGExecutor.run(TestNGExecutor.java:284)
	at org.apache.maven.surefire.testng.TestNGXmlTestSuite.execute(TestNGXmlTestSuite.java:75)
	at org.apache.maven.surefire.testng.TestNGProvider.invoke(TestNGProvider.java:119)
	at org.apache.maven.surefire.booter.ForkedBooter.runSuitesInProcess(ForkedBooter.java:428)
	at org.apache.maven.surefire.booter.ForkedBooter.execute(ForkedBooter.java:162)
	at org.apache.maven.surefire.booter.ForkedBooter.run(ForkedBooter.java:562)
	at org.apache.maven.surefire.booter.ForkedBooter.main(ForkedBooter.java:548)
]]>
            </full-stacktrace>
          </exception> <!-- java.lang.IllegalArgumentException -->
          <reporter-output>
          </reporter-output>
        </test-method> <!-- setUp -->
        <test-method signature="TestCaseClickOnCarousalRightButton()[pri:3, instance:tests.ProductListingPageTestCases@54c5a2ff]" started-at="2024-08-19T21:46:02Z" name="TestCaseClickOnCarousalRightButton" finished-at="2024-08-19T21:46:02Z" duration-ms="0" status="SKIP">
          <reporter-output>
          </reporter-output>
        </test-method> <!-- TestCaseClickOnCarousalRightButton -->
      </class> <!-- tests.ProductListingPageTestCases -->
      <class name="tests.DashboardPageTestCases">
        <test-method is-config="true" signature="setUpSuite()[pri:0, instance:tests.DashboardPageTestCases@1ed4ae0f]" started-at="2024-08-19T21:45:47Z" name="setUpSuite" finished-at="2024-08-19T21:45:51Z" duration-ms="3536" status="PASS">
          <reporter-output>
          </reporter-output>
        </test-method> <!-- setUpSuite -->
        <test-method is-config="true" signature="setup()[pri:0, instance:tests.DashboardPageTestCases@1ed4ae0f]" started-at="2024-08-19T21:45:51Z" name="setup" finished-at="2024-08-19T21:45:51Z" duration-ms="78" status="PASS">
          <reporter-output>
          </reporter-output>
        </test-method> <!-- setup -->
        <test-method signature="TestCaseVerifyTitle()[pri:1, instance:tests.DashboardPageTestCases@1ed4ae0f]" started-at="2024-08-19T21:45:51Z" name="TestCaseVerifyTitle" finished-at="2024-08-19T21:45:54Z" duration-ms="3636" status="PASS">
          <reporter-output>
          </reporter-output>
        </test-method> <!-- TestCaseVerifyTitle -->
        <test-method signature="TestCaseClickOnCarousalLeftButton()[pri:2, instance:tests.DashboardPageTestCases@1ed4ae0f]" started-at="2024-08-19T21:45:54Z" name="TestCaseClickOnCarousalLeftButton" finished-at="2024-08-19T21:46:02Z" duration-ms="7975" status="PASS">
          <reporter-output>
          </reporter-output>
        </test-method> <!-- TestCaseClickOnCarousalLeftButton -->
        <test-method is-config="true" signature="tearDownSuite()[pri:0, instance:tests.DashboardPageTestCases@1ed4ae0f]" started-at="2024-08-19T21:46:02Z" name="tearDownSuite" finished-at="2024-08-19T21:46:03Z" duration-ms="443" status="PASS">
          <reporter-output>
          </reporter-output>
        </test-method> <!-- tearDownSuite -->
      </class> <!-- tests.DashboardPageTestCases -->
    </test> <!-- Test -->
  </suite> <!-- Suite -->
</testng-results>
