<?xml version="1.0" encoding="UTF-8"?>
<testng-results total="1" passed="1" failed="0" skipped="0">
  <reporter-output>
  </reporter-output>
  <suite started-at="2024-08-20T17:14:58Z" name="Default suite" finished-at="2024-08-20T17:15:17Z" duration-ms="18195">
    <groups>
    </groups>
    <test started-at="2024-08-20T17:14:58Z" name="Default test" finished-at="2024-08-20T17:15:17Z" duration-ms="18195">
      <class name="tests.ProductListingPageTestCases">
        <test-method is-config="true" signature="setUpSuite()[pri:0, instance:tests.ProductListingPageTestCases@4c1f22f3]" started-at="2024-08-20T22:44:55Z" name="setUpSuite" finished-at="2024-08-20T22:44:58Z" duration-ms="3569" status="PASS">
          <reporter-output>
          </reporter-output>
        </test-method> <!-- setUpSuite -->
        <test-method is-config="true" signature="setUp()[pri:0, instance:tests.ProductListingPageTestCases@4c1f22f3]" started-at="2024-08-20T22:44:58Z" name="setUp" finished-at="2024-08-20T22:44:58Z" duration-ms="59" status="PASS">
          <reporter-output>
          </reporter-output>
        </test-method> <!-- setUp -->
        <test-method signature="TestCaseProductFilter()[pri:24, instance:tests.ProductListingPageTestCases@4c1f22f3]" started-at="2024-08-20T22:44:58Z" name="TestCaseProductFilter" finished-at="2024-08-20T22:45:17Z" duration-ms="18120" status="PASS">
          <reporter-output>
          </reporter-output>
        </test-method> <!-- TestCaseProductFilter -->
        <test-method is-config="true" signature="tearDownSuite()[pri:0, instance:tests.ProductListingPageTestCases@4c1f22f3]" started-at="2024-08-20T22:45:17Z" name="tearDownSuite" finished-at="2024-08-20T22:45:17Z" duration-ms="355" status="PASS">
          <reporter-output>
          </reporter-output>
        </test-method> <!-- tearDownSuite -->
      </class> <!-- tests.ProductListingPageTestCases -->
    </test> <!-- Default test -->
  </suite> <!-- Default suite -->
</testng-results>
