<?xml version="1.0" encoding="UTF-8"?>
<testng-results total="3" passed="3" failed="0" skipped="0">
  <reporter-output>
  </reporter-output>
  <suite started-at="2024-08-08T17:45:05Z" name="Default suite" finished-at="2024-08-08T17:46:03Z" duration-ms="58190">
    <groups>
    </groups>
    <test started-at="2024-08-08T17:45:05Z" name="Default test" finished-at="2024-08-08T17:46:03Z" duration-ms="58190">
      <class name="pages.DashboardPageTestCases">
        <test-method is-config="true" signature="setup()[pri:0, instance:pages.DashboardPageTestCases@64bce832]" started-at="2024-08-08T23:15:05Z" name="setup" finished-at="2024-08-08T23:15:11Z" duration-ms="6276" status="PASS">
          <reporter-output>
          </reporter-output>
        </test-method> <!-- setup -->
        <test-method signature="TestCaseVerifyTitle()[pri:0, instance:pages.DashboardPageTestCases@64bce832]" started-at="2024-08-08T23:15:11Z" name="TestCaseVerifyTitle" finished-at="2024-08-08T23:15:12Z" duration-ms="159" status="PASS">
          <reporter-output>
          </reporter-output>
        </test-method> <!-- TestCaseVerifyTitle -->
        <test-method signature="TestCaseClickOnCarousalLeftButton()[pri:2, instance:pages.DashboardPageTestCases@64bce832]" started-at="2024-08-08T23:15:12Z" name="TestCaseClickOnCarousalLeftButton" finished-at="2024-08-08T23:15:20Z" duration-ms="8006" status="PASS">
          <reporter-output>
          </reporter-output>
        </test-method> <!-- TestCaseClickOnCarousalLeftButton -->
        <test-method signature="TestCaseAmazonServiceCategoriesVerify()[pri:16, instance:pages.DashboardPageTestCases@64bce832]" started-at="2024-08-08T23:15:20Z" name="TestCaseAmazonServiceCategoriesVerify" finished-at="2024-08-08T23:15:59Z" duration-ms="39873" status="PASS">
          <reporter-output>
          </reporter-output>
        </test-method> <!-- TestCaseAmazonServiceCategoriesVerify -->
        <test-method is-config="true" signature="teardown()[pri:0, instance:pages.DashboardPageTestCases@64bce832]" started-at="2024-08-08T23:16:00Z" name="teardown" finished-at="2024-08-08T23:16:03Z" duration-ms="3836" status="PASS">
          <reporter-output>
          </reporter-output>
        </test-method> <!-- teardown -->
      </class> <!-- pages.DashboardPageTestCases -->
    </test> <!-- Default test -->
  </suite> <!-- Default suite -->
</testng-results>
