<?xml version="1.0" encoding="UTF-8"?>
<testng-results total="2" passed="2" failed="0" skipped="0">
  <reporter-output>
  </reporter-output>
  <suite started-at="2024-08-20T18:20:26Z" name="Default suite" finished-at="2024-08-20T18:20:59Z" duration-ms="32282">
    <groups>
    </groups>
    <test started-at="2024-08-20T18:20:26Z" name="Default test" finished-at="2024-08-20T18:20:59Z" duration-ms="32282">
      <class name="tests.ProductListingPageTestCases">
        <test-method is-config="true" signature="setUpSuite()[pri:0, instance:tests.ProductListingPageTestCases@598bd2ba]" started-at="2024-08-20T23:50:22Z" name="setUpSuite" finished-at="2024-08-20T23:50:26Z" duration-ms="4196" status="PASS">
          <reporter-output>
          </reporter-output>
        </test-method> <!-- setUpSuite -->
        <test-method is-config="true" signature="setUp()[pri:0, instance:tests.ProductListingPageTestCases@598bd2ba]" started-at="2024-08-20T23:50:26Z" name="setUp" finished-at="2024-08-20T23:50:26Z" duration-ms="63" status="PASS">
          <reporter-output>
          </reporter-output>
        </test-method> <!-- setUp -->
        <test-method signature="TestCaseProductFilter()[pri:24, instance:tests.ProductListingPageTestCases@598bd2ba]" started-at="2024-08-20T23:50:26Z" name="TestCaseProductFilter" finished-at="2024-08-20T23:50:44Z" duration-ms="17837" status="PASS">
          <reporter-output>
          </reporter-output>
        </test-method> <!-- TestCaseProductFilter -->
        <test-method signature="TestCaseSortProduct()[pri:25, instance:tests.ProductListingPageTestCases@598bd2ba]" started-at="2024-08-20T23:50:44Z" name="TestCaseSortProduct" finished-at="2024-08-20T23:50:59Z" duration-ms="14364" status="PASS">
          <reporter-output>
          </reporter-output>
        </test-method> <!-- TestCaseSortProduct -->
        <test-method is-config="true" signature="tearDownSuite()[pri:0, instance:tests.ProductListingPageTestCases@598bd2ba]" started-at="2024-08-20T23:50:59Z" name="tearDownSuite" finished-at="2024-08-20T23:50:59Z" duration-ms="475" status="PASS">
          <reporter-output>
          </reporter-output>
        </test-method> <!-- tearDownSuite -->
      </class> <!-- tests.ProductListingPageTestCases -->
    </test> <!-- Default test -->
  </suite> <!-- Default suite -->
</testng-results>
