<?xml version="1.0" encoding="UTF-8"?>
<testng-results total="2" passed="2" failed="0" skipped="0">
  <reporter-output>
  </reporter-output>
  <suite started-at="2024-08-06T17:41:05Z" name="Default suite" finished-at="2024-08-06T17:41:42Z" duration-ms="37424">
    <groups>
    </groups>
    <test started-at="2024-08-06T17:41:05Z" name="Default test" finished-at="2024-08-06T17:41:42Z" duration-ms="37424">
      <class name="pages.DashboardPageTestCases">
        <test-method is-config="true" signature="setup()[pri:0, instance:pages.DashboardPageTestCases@32c4e8b2]" started-at="2024-08-06T23:11:05Z" name="setup" finished-at="2024-08-06T23:11:15Z" duration-ms="9923" status="PASS">
          <reporter-output>
          </reporter-output>
        </test-method> <!-- setup -->
        <test-method signature="TestCaseVerifyTitle()[pri:0, instance:pages.DashboardPageTestCases@32c4e8b2]" started-at="2024-08-06T23:11:15Z" name="TestCaseVerifyTitle" finished-at="2024-08-06T23:11:15Z" duration-ms="16" status="PASS">
          <reporter-output>
          </reporter-output>
        </test-method> <!-- TestCaseVerifyTitle -->
        <test-method signature="TestCaseSocialMediaPages()[pri:13, instance:pages.DashboardPageTestCases@32c4e8b2]" started-at="2024-08-06T23:11:15Z" name="TestCaseSocialMediaPages" finished-at="2024-08-06T23:11:39Z" duration-ms="24039" status="PASS">
          <reporter-output>
          </reporter-output>
        </test-method> <!-- TestCaseSocialMediaPages -->
        <test-method is-config="true" signature="teardown()[pri:0, instance:pages.DashboardPageTestCases@32c4e8b2]" started-at="2024-08-06T23:11:39Z" name="teardown" finished-at="2024-08-06T23:11:42Z" duration-ms="3432" status="PASS">
          <reporter-output>
          </reporter-output>
        </test-method> <!-- teardown -->
      </class> <!-- pages.DashboardPageTestCases -->
    </test> <!-- Default test -->
  </suite> <!-- Default suite -->
</testng-results>
