<?xml version="1.0" encoding="UTF-8"?>
<testng-results total="4" passed="4" failed="0" skipped="0">
  <reporter-output>
  </reporter-output>
  <suite started-at="2024-08-10T04:36:25Z" name="Default suite" finished-at="2024-08-10T04:36:42Z" duration-ms="17160">
    <groups>
    </groups>
    <test started-at="2024-08-10T04:36:25Z" name="Default test" finished-at="2024-08-10T04:36:42Z" duration-ms="17160">
      <class name="pages.DashboardPageTestCases">
        <test-method is-config="true" signature="setup()[pri:0, instance:pages.DashboardPageTestCases@764faa6]" started-at="2024-08-10T10:06:25Z" name="setup" finished-at="2024-08-10T10:06:29Z" duration-ms="4813" status="PASS">
          <reporter-output>
          </reporter-output>
        </test-method> <!-- setup -->
        <test-method signature="TestCaseVerifyTitle()[pri:0, instance:pages.DashboardPageTestCases@764faa6]" started-at="2024-08-10T10:06:30Z" name="TestCaseVerifyTitle" finished-at="2024-08-10T10:06:30Z" duration-ms="158" status="PASS">
          <reporter-output>
          </reporter-output>
        </test-method> <!-- TestCaseVerifyTitle -->
        <test-method signature="TestCaseFooterCopyRightLinksVerify()[pri:17, instance:pages.DashboardPageTestCases@764faa6]" started-at="2024-08-10T10:06:30Z" name="TestCaseFooterCopyRightLinksVerify" finished-at="2024-08-10T10:06:36Z" duration-ms="6186" status="PASS">
          <reporter-output>
          </reporter-output>
        </test-method> <!-- TestCaseFooterCopyRightLinksVerify -->
        <test-method signature="TestCaseAmazonTextVerify()[pri:18, instance:pages.DashboardPageTestCases@764faa6]" started-at="2024-08-10T10:06:36Z" name="TestCaseAmazonTextVerify" finished-at="2024-08-10T10:06:37Z" duration-ms="1352" status="PASS">
          <reporter-output>
          </reporter-output>
        </test-method> <!-- TestCaseAmazonTextVerify -->
        <test-method signature="TestCaseAmazonFooterLogoVerify()[pri:19, instance:pages.DashboardPageTestCases@764faa6]" started-at="2024-08-10T10:06:37Z" name="TestCaseAmazonFooterLogoVerify" finished-at="2024-08-10T10:06:39Z" duration-ms="1315" status="PASS">
          <reporter-output>
          </reporter-output>
        </test-method> <!-- TestCaseAmazonFooterLogoVerify -->
        <test-method is-config="true" signature="teardown()[pri:0, instance:pages.DashboardPageTestCases@764faa6]" started-at="2024-08-10T10:06:39Z" name="teardown" finished-at="2024-08-10T10:06:42Z" duration-ms="3300" status="PASS">
          <reporter-output>
          </reporter-output>
        </test-method> <!-- teardown -->
      </class> <!-- pages.DashboardPageTestCases -->
    </test> <!-- Default test -->
  </suite> <!-- Default suite -->
</testng-results>
