<?xml version="1.0" encoding="UTF-8"?>
<testng-results total="2" passed="2" failed="0" skipped="0">
  <reporter-output>
  </reporter-output>
  <suite started-at="2024-08-22T17:27:19Z" name="Default suite" finished-at="2024-08-22T17:28:10Z" duration-ms="50979">
    <groups>
    </groups>
    <test started-at="2024-08-22T17:27:19Z" name="Default test" finished-at="2024-08-22T17:28:10Z" duration-ms="50979">
      <class name="tests.ProductListingPageTestCases">
        <test-method is-config="true" signature="setUpSuite()[pri:0, instance:tests.ProductListingPageTestCases@598bd2ba]" started-at="2024-08-22T22:57:15Z" name="setUpSuite" finished-at="2024-08-22T22:57:19Z" duration-ms="4339" status="PASS">
          <reporter-output>
          </reporter-output>
        </test-method> <!-- setUpSuite -->
        <test-method is-config="true" signature="setUp()[pri:0, instance:tests.ProductListingPageTestCases@598bd2ba]" started-at="2024-08-22T22:57:19Z" name="setUp" finished-at="2024-08-22T22:57:20Z" duration-ms="53" status="PASS">
          <reporter-output>
          </reporter-output>
        </test-method> <!-- setUp -->
        <test-method signature="TestCaseProductFilter()[pri:24, instance:tests.ProductListingPageTestCases@598bd2ba]" started-at="2024-08-22T22:57:20Z" name="TestCaseProductFilter" finished-at="2024-08-22T22:57:37Z" duration-ms="17324" status="PASS">
          <reporter-output>
          </reporter-output>
        </test-method> <!-- TestCaseProductFilter -->
        <test-method signature="TestCaseSortProduct()[pri:25, instance:tests.ProductListingPageTestCases@598bd2ba]" started-at="2024-08-22T22:57:37Z" name="TestCaseSortProduct" finished-at="2024-08-22T22:58:10Z" duration-ms="33578" status="PASS">
          <reporter-output>
          </reporter-output>
        </test-method> <!-- TestCaseSortProduct -->
        <test-method is-config="true" signature="tearDownSuite()[pri:0, instance:tests.ProductListingPageTestCases@598bd2ba]" started-at="2024-08-22T22:58:10Z" name="tearDownSuite" finished-at="2024-08-22T22:58:11Z" duration-ms="537" status="PASS">
          <reporter-output>
          </reporter-output>
        </test-method> <!-- tearDownSuite -->
      </class> <!-- tests.ProductListingPageTestCases -->
    </test> <!-- Default test -->
  </suite> <!-- Default suite -->
</testng-results>
