<?xml version="1.0" encoding="UTF-8"?>
<testng-results total="2" passed="2" failed="0" skipped="0">
  <reporter-output>
  </reporter-output>
  <suite started-at="2024-08-10T10:53:34Z" name="Default suite" finished-at="2024-08-10T10:53:55Z" duration-ms="21024">
    <groups>
    </groups>
    <test started-at="2024-08-10T10:53:34Z" name="Default test" finished-at="2024-08-10T10:53:55Z" duration-ms="21024">
      <class name="pages.DashboardPageTestCases">
        <test-method is-config="true" signature="setup()[pri:0, instance:pages.DashboardPageTestCases@32c4e8b2]" started-at="2024-08-10T16:23:34Z" name="setup" finished-at="2024-08-10T16:23:39Z" duration-ms="5593" status="PASS">
          <reporter-output>
          </reporter-output>
        </test-method> <!-- setup -->
        <test-method signature="TestCaseVerifyTitle()[pri:0, instance:pages.DashboardPageTestCases@32c4e8b2]" started-at="2024-08-10T16:23:39Z" name="TestCaseVerifyTitle" finished-at="2024-08-10T16:23:40Z" duration-ms="102" status="PASS">
          <reporter-output>
          </reporter-output>
        </test-method> <!-- TestCaseVerifyTitle -->
        <test-method signature="TestCaseSelectCountryVerify()[pri:21, instance:pages.DashboardPageTestCases@32c4e8b2]" started-at="2024-08-10T16:23:40Z" name="TestCaseSelectCountryVerify" finished-at="2024-08-10T16:23:51Z" duration-ms="11915" status="PASS">
          <reporter-output>
          </reporter-output>
        </test-method> <!-- TestCaseSelectCountryVerify -->
        <test-method is-config="true" signature="teardown()[pri:0, instance:pages.DashboardPageTestCases@32c4e8b2]" started-at="2024-08-10T16:23:51Z" name="teardown" finished-at="2024-08-10T16:23:55Z" duration-ms="3374" status="PASS">
          <reporter-output>
          </reporter-output>
        </test-method> <!-- teardown -->
      </class> <!-- pages.DashboardPageTestCases -->
    </test> <!-- Default test -->
  </suite> <!-- Default suite -->
</testng-results>
