<?xml version="1.0" encoding="UTF-8"?>
<testng-results total="2" passed="2" failed="0" skipped="0">
  <reporter-output>
  </reporter-output>
  <suite started-at="2024-08-05T19:41:22Z" name="Default suite" finished-at="2024-08-05T19:41:44Z" duration-ms="21168">
    <groups>
    </groups>
    <test started-at="2024-08-05T19:41:22Z" name="Default test" finished-at="2024-08-05T19:41:44Z" duration-ms="21168">
      <class name="pages.DashboardPageTestCases">
        <test-method is-config="true" signature="setup()[pri:0, instance:pages.DashboardPageTestCases@32c4e8b2]" started-at="2024-08-06T01:11:22Z" name="setup" finished-at="2024-08-06T01:11:31Z" duration-ms="8087" status="PASS">
          <reporter-output>
          </reporter-output>
        </test-method> <!-- setup -->
        <test-method signature="TestCaseVerifyTitle()[pri:0, instance:pages.DashboardPageTestCases@32c4e8b2]" started-at="2024-08-06T01:11:31Z" name="TestCaseVerifyTitle" finished-at="2024-08-06T01:11:31Z" duration-ms="18" status="PASS">
          <reporter-output>
          </reporter-output>
        </test-method> <!-- TestCaseVerifyTitle -->
        <test-method signature="TestCaseChangeWebsiteLanguage()[pri:9, instance:pages.DashboardPageTestCases@32c4e8b2]" started-at="2024-08-06T01:11:31Z" name="TestCaseChangeWebsiteLanguage" finished-at="2024-08-06T01:11:40Z" duration-ms="9662" status="PASS">
          <reporter-output>
          </reporter-output>
        </test-method> <!-- TestCaseChangeWebsiteLanguage -->
        <test-method is-config="true" signature="teardown()[pri:0, instance:pages.DashboardPageTestCases@32c4e8b2]" started-at="2024-08-06T01:11:40Z" name="teardown" finished-at="2024-08-06T01:11:44Z" duration-ms="3383" status="PASS">
          <reporter-output>
          </reporter-output>
        </test-method> <!-- teardown -->
      </class> <!-- pages.DashboardPageTestCases -->
    </test> <!-- Default test -->
  </suite> <!-- Default suite -->
</testng-results>
