<?xml version="1.0" encoding="UTF-8"?>
<testng-results total="2" passed="2" failed="0" skipped="0">
  <reporter-output>
  </reporter-output>
  <suite started-at="2024-08-11T17:40:40Z" name="Default suite" finished-at="2024-08-11T17:41:12Z" duration-ms="32278">
    <groups>
    </groups>
    <test started-at="2024-08-11T17:40:40Z" name="Default test" finished-at="2024-08-11T17:41:12Z" duration-ms="32278">
      <class name="pages.DashboardPageTestCases">
        <test-method is-config="true" signature="setup()[pri:0, instance:pages.DashboardPageTestCases@32c4e8b2]" started-at="2024-08-11T23:10:40Z" name="setup" finished-at="2024-08-11T23:10:47Z" duration-ms="7162" status="PASS">
          <reporter-output>
          </reporter-output>
        </test-method> <!-- setup -->
        <test-method signature="TestCaseVerifyTitle()[pri:0, instance:pages.DashboardPageTestCases@32c4e8b2]" started-at="2024-08-11T23:10:47Z" name="TestCaseVerifyTitle" finished-at="2024-08-11T23:10:50Z" duration-ms="3027" status="PASS">
          <reporter-output>
          </reporter-output>
        </test-method> <!-- TestCaseVerifyTitle -->
        <test-method signature="TestCaseSideNavigationDigitalContentAndDevicesVerify()[pri:23, instance:pages.DashboardPageTestCases@32c4e8b2]" started-at="2024-08-11T23:10:50Z" name="TestCaseSideNavigationDigitalContentAndDevicesVerify" finished-at="2024-08-11T23:11:09Z" duration-ms="18703" status="PASS">
          <reporter-output>
          </reporter-output>
        </test-method> <!-- TestCaseSideNavigationDigitalContentAndDevicesVerify -->
        <test-method is-config="true" signature="teardown()[pri:0, instance:pages.DashboardPageTestCases@32c4e8b2]" started-at="2024-08-11T23:11:09Z" name="teardown" finished-at="2024-08-11T23:11:12Z" duration-ms="3373" status="PASS">
          <reporter-output>
          </reporter-output>
        </test-method> <!-- teardown -->
      </class> <!-- pages.DashboardPageTestCases -->
    </test> <!-- Default test -->
  </suite> <!-- Default suite -->
</testng-results>
