<?xml version="1.0" encoding="UTF-8"?>
<testng-results total="3" passed="2" failed="0" skipped="1">
  <reporter-output>
  </reporter-output>
  <suite started-at="2024-08-15T11:13:44Z" name="Suite" finished-at="2024-08-15T11:13:55Z" duration-ms="11268">
    <groups>
    </groups>
    <test started-at="2024-08-15T11:13:44Z" name="Test" finished-at="2024-08-15T11:13:55Z" duration-ms="11268">
      <class name="tests.ProductListingPageTestCases">
        <test-method is-config="true" signature="setUp()[pri:0, instance:tests.ProductListingPageTestCases@4f5991f6]" started-at="2024-08-15T16:43:55Z" name="setUp" finished-at="2024-08-15T16:43:55Z" duration-ms="0" status="FAIL">
          <exception class="java.lang.IllegalArgumentException">
            <message>
              <![CDATA[Driver must be set]]>
            </message>
            <full-stacktrace>
              <![CDATA[java.lang.IllegalArgumentException: Driver must be set
	at org.openqa.selenium.internal.Require.nonNull(Require.java:61)
	at org.openqa.selenium.interactions.Actions.<init>(Actions.java:59)
	at pageObjects.DashboardPage.<init>(DashboardPage.java:17)
	at tests.ProductListingPageTestCases.setUp(ProductListingPageTestCases.java:19)
	at java.base/jdk.internal.reflect.NativeMethodAccessorImpl.invoke0(Native Method)
	at java.base/jdk.internal.reflect.NativeMethodAccessorImpl.invoke(NativeMethodAccessorImpl.java:77)
	at java.base/jdk.internal.reflect.DelegatingMethodAccessorImpl.invoke(DelegatingMethodAccessorImpl.java:43)
	at java.base/java.lang.reflect.Method.invoke(Method.java:568)
	at org.testng.internal.MethodInvocationHelper.invokeMethod(MethodInvocationHelper.java:86)
	at org.testng.internal.Invoker.invokeConfigurationMethod(Invoker.java:514)
	at org.testng.internal.Invoker.invokeConfigurations(Invoker.java:215)
	at org.testng.internal.Invoker.invokeConfigurations(Invoker.java:142)
	at org.testng.internal.TestMethodWorker.invokeBeforeClassMethods(TestMethodWorker.java:178)
	at org.testng.internal.TestMethodWorker.run(TestMethodWorker.java:108)
	at org.testng.TestRunner.privateRun(TestRunner.java:782)
	at org.testng.TestRunner.run(TestRunner.java:632)
	at org.testng.SuiteRunner.runTest(SuiteRunner.java:366)
	at org.testng.SuiteRunner.runSequentially(SuiteRunner.java:361)
	at org.testng.SuiteRunner.privateRun(SuiteRunner.java:319)
	at org.testng.SuiteRunner.run(SuiteRunner.java:268)
	at org.testng.SuiteRunnerWorker.runSuite(SuiteRunnerWorker.java:52)
	at org.testng.SuiteRunnerWorker.run(SuiteRunnerWorker.java:86)
	at org.testng.TestNG.runSuitesSequentially(TestNG.java:1244)
	at org.testng.TestNG.runSuitesLocally(TestNG.java:1169)
	at org.testng.TestNG.run(TestNG.java:1064)
	at org.testng.remote.AbstractRemoteTestNG.run(AbstractRemoteTestNG.java:115)
	at org.testng.remote.RemoteTestNG.initAndRun(RemoteTestNG.java:293)
	at org.testng.remote.RemoteTestNG.main(RemoteTestNG.java:91)
]]>
            </full-stacktrace>
          </exception> <!-- java.lang.IllegalArgumentException -->
          <reporter-output>
          </reporter-output>
        </test-method> <!-- setUp -->
        <test-method signature="TestCaseProductFilter()[pri:24, instance:tests.ProductListingPageTestCases@4f5991f6]" started-at="2024-08-15T16:43:55Z" name="TestCaseProductFilter" finished-at="2024-08-15T16:43:55Z" duration-ms="4" status="SKIP">
          <reporter-output>
          </reporter-output>
        </test-method> <!-- TestCaseProductFilter -->
      </class> <!-- tests.ProductListingPageTestCases -->
      <class name="tests.DashboardPageTestCases">
        <test-method is-config="true" signature="setUpSuite()[pri:0, instance:tests.DashboardPageTestCases@7ae42ce3]" started-at="2024-08-15T16:43:41Z" name="setUpSuite" finished-at="2024-08-15T16:43:44Z" duration-ms="2772" status="PASS">
          <reporter-output>
          </reporter-output>
        </test-method> <!-- setUpSuite -->
        <test-method is-config="true" signature="setup()[pri:0, instance:tests.DashboardPageTestCases@7ae42ce3]" started-at="2024-08-15T16:43:44Z" name="setup" finished-at="2024-08-15T16:43:44Z" duration-ms="45" status="PASS">
          <reporter-output>
          </reporter-output>
        </test-method> <!-- setup -->
        <test-method signature="TestCaseVerifyTitle()[pri:1, instance:tests.DashboardPageTestCases@7ae42ce3]" started-at="2024-08-15T16:43:44Z" name="TestCaseVerifyTitle" finished-at="2024-08-15T16:43:48Z" duration-ms="3406" status="PASS">
          <reporter-output>
          </reporter-output>
        </test-method> <!-- TestCaseVerifyTitle -->
        <test-method signature="TestCaseClickOnCarousalLeftButton()[pri:2, instance:tests.DashboardPageTestCases@7ae42ce3]" started-at="2024-08-15T16:43:48Z" name="TestCaseClickOnCarousalLeftButton" finished-at="2024-08-15T16:43:55Z" duration-ms="7766" status="PASS">
          <reporter-output>
          </reporter-output>
        </test-method> <!-- TestCaseClickOnCarousalLeftButton -->
        <test-method is-config="true" signature="tearDownSuite()[pri:0, instance:tests.DashboardPageTestCases@7ae42ce3]" started-at="2024-08-15T16:43:55Z" name="tearDownSuite" finished-at="2024-08-15T16:43:56Z" duration-ms="306" status="PASS">
          <reporter-output>
          </reporter-output>
        </test-method> <!-- tearDownSuite -->
      </class> <!-- tests.DashboardPageTestCases -->
    </test> <!-- Test -->
  </suite> <!-- Suite -->
</testng-results>
