<?xml version="1.0" encoding="UTF-8"?>
<testng-results total="3" passed="3" failed="0" skipped="0">
  <reporter-output>
  </reporter-output>
  <suite started-at="2024-08-03T06:38:16Z" name="Default suite" finished-at="2024-08-03T06:38:46Z" duration-ms="29352">
    <groups>
    </groups>
    <test started-at="2024-08-03T06:38:16Z" name="Default test" finished-at="2024-08-03T06:38:46Z" duration-ms="29352">
      <class name="pages.DashboardPageTestCases">
        <test-method is-config="true" signature="setup()[pri:0, instance:pages.DashboardPageTestCases@78641d23]" started-at="2024-08-03T12:08:16Z" name="setup" finished-at="2024-08-03T12:08:26Z" duration-ms="9981" status="PASS">
          <reporter-output>
          </reporter-output>
        </test-method> <!-- setup -->
        <test-method signature="TestCaseVerifyTitle()[pri:1, instance:pages.DashboardPageTestCases@78641d23]" started-at="2024-08-03T12:08:26Z" name="TestCaseVerifyTitle" finished-at="2024-08-03T12:08:26Z" duration-ms="23" status="PASS">
          <reporter-output>
          </reporter-output>
        </test-method> <!-- TestCaseVerifyTitle -->
        <test-method signature="TestCase1()[pri:2, instance:pages.DashboardPageTestCases@78641d23]" started-at="2024-08-03T12:08:26Z" name="TestCase1" finished-at="2024-08-03T12:08:34Z" duration-ms="8051" status="PASS">
          <reporter-output>
          </reporter-output>
        </test-method> <!-- TestCase1 -->
        <test-method signature="TestCase2()[pri:3, instance:pages.DashboardPageTestCases@78641d23]" started-at="2024-08-03T12:08:34Z" name="TestCase2" finished-at="2024-08-03T12:08:42Z" duration-ms="7826" status="PASS">
          <reporter-output>
          </reporter-output>
        </test-method> <!-- TestCase2 -->
        <test-method is-config="true" signature="teardown()[pri:0, instance:pages.DashboardPageTestCases@78641d23]" started-at="2024-08-03T12:08:42Z" name="teardown" finished-at="2024-08-03T12:08:46Z" duration-ms="3455" status="PASS">
          <reporter-output>
          </reporter-output>
        </test-method> <!-- teardown -->
      </class> <!-- pages.DashboardPageTestCases -->
    </test> <!-- Default test -->
  </suite> <!-- Default suite -->
</testng-results>
