<?xml version="1.0" encoding="UTF-8"?>
<testng-results total="13" passed="13" failed="0" skipped="0">
  <reporter-output>
  </reporter-output>
  <suite started-at="2024-08-14T15:15:57Z" name="Default suite" finished-at="2024-08-14T15:20:18Z" duration-ms="260864">
    <groups>
    </groups>
    <test started-at="2024-08-14T15:15:57Z" name="Default test" finished-at="2024-08-14T15:20:18Z" duration-ms="260864">
      <class name="tests.DashboardPageTestCases">
        <test-method is-config="true" signature="setup()[pri:0, instance:tests.DashboardPageTestCases@e57b96d]" started-at="2024-08-14T20:45:57Z" name="setup" finished-at="2024-08-14T20:46:04Z" duration-ms="7770" status="PASS">
          <reporter-output>
          </reporter-output>
        </test-method> <!-- setup -->
        <test-method signature="TestCaseVerifyTitle()[pri:0, instance:tests.DashboardPageTestCases@e57b96d]" started-at="2024-08-14T20:46:04Z" name="TestCaseVerifyTitle" finished-at="2024-08-14T20:46:08Z" duration-ms="3041" status="PASS">
          <reporter-output>
          </reporter-output>
        </test-method> <!-- TestCaseVerifyTitle -->
        <test-method signature="TestCaseClickOnCarousalLeftButton()[pri:2, instance:tests.DashboardPageTestCases@e57b96d]" started-at="2024-08-14T20:46:08Z" name="TestCaseClickOnCarousalLeftButton" finished-at="2024-08-14T20:46:16Z" duration-ms="8410" status="PASS">
          <reporter-output>
          </reporter-output>
        </test-method> <!-- TestCaseClickOnCarousalLeftButton -->
        <test-method signature="TestCaseClickOnCarousalRightButton()[pri:3, instance:tests.DashboardPageTestCases@e57b96d]" started-at="2024-08-14T20:46:16Z" name="TestCaseClickOnCarousalRightButton" finished-at="2024-08-14T20:46:24Z" duration-ms="8056" status="PASS">
          <reporter-output>
          </reporter-output>
        </test-method> <!-- TestCaseClickOnCarousalRightButton -->
        <test-method signature="TestCaseClickOnHamburgerMenuButton()[pri:5, instance:tests.DashboardPageTestCases@e57b96d]" started-at="2024-08-14T20:46:24Z" name="TestCaseClickOnHamburgerMenuButton" finished-at="2024-08-14T20:46:28Z" duration-ms="4464" status="PASS">
          <reporter-output>
          </reporter-output>
        </test-method> <!-- TestCaseClickOnHamburgerMenuButton -->
        <test-method signature="TestCaseSearchForProduct()[pri:6, instance:tests.DashboardPageTestCases@e57b96d]" started-at="2024-08-14T20:46:28Z" name="TestCaseSearchForProduct" finished-at="2024-08-14T20:46:42Z" duration-ms="13862" status="PASS">
          <reporter-output>
          </reporter-output>
        </test-method> <!-- TestCaseSearchForProduct -->
        <test-method signature="TestCaseAmazonLogo()[pri:7, instance:tests.DashboardPageTestCases@e57b96d]" started-at="2024-08-14T20:46:42Z" name="TestCaseAmazonLogo" finished-at="2024-08-14T20:46:48Z" duration-ms="5345" status="PASS">
          <reporter-output>
          </reporter-output>
        </test-method> <!-- TestCaseAmazonLogo -->
        <test-method signature="TestCaseEnterCurrentPinCode()[pri:8, instance:tests.DashboardPageTestCases@e57b96d]" started-at="2024-08-14T20:46:48Z" name="TestCaseEnterCurrentPinCode" finished-at="2024-08-14T20:46:56Z" duration-ms="8740" status="PASS">
          <reporter-output>
          </reporter-output>
        </test-method> <!-- TestCaseEnterCurrentPinCode -->
        <test-method signature="TestCaseChangeWebsiteLanguage()[pri:9, instance:tests.DashboardPageTestCases@e57b96d]" started-at="2024-08-14T20:46:56Z" name="TestCaseChangeWebsiteLanguage" finished-at="2024-08-14T20:47:07Z" duration-ms="10635" status="PASS">
          <reporter-output>
          </reporter-output>
        </test-method> <!-- TestCaseChangeWebsiteLanguage -->
        <test-method signature="TestCaseSignInPage()[pri:10, instance:tests.DashboardPageTestCases@e57b96d]" started-at="2024-08-14T20:47:07Z" name="TestCaseSignInPage" finished-at="2024-08-14T20:47:16Z" duration-ms="9050" status="PASS">
          <reporter-output>
          </reporter-output>
        </test-method> <!-- TestCaseSignInPage -->
        <test-method signature="TestCaseClickOnAboutUsButton()[pri:11, instance:tests.DashboardPageTestCases@e57b96d]" started-at="2024-08-14T20:47:16Z" name="TestCaseClickOnAboutUsButton" finished-at="2024-08-14T20:47:26Z" duration-ms="9548" status="PASS">
          <reporter-output>
          </reporter-output>
        </test-method> <!-- TestCaseClickOnAboutUsButton -->
        <test-method signature="TestCaseFooterGetToKnowUsLinksVerification()[pri:12, instance:tests.DashboardPageTestCases@e57b96d]" started-at="2024-08-14T20:47:26Z" name="TestCaseFooterGetToKnowUsLinksVerification" finished-at="2024-08-14T20:47:47Z" duration-ms="21044" status="PASS">
          <reporter-output>
          </reporter-output>
        </test-method> <!-- TestCaseFooterGetToKnowUsLinksVerification -->
        <test-method signature="TestCaseSocialMediaPages()[pri:13, instance:tests.DashboardPageTestCases@e57b96d]" started-at="2024-08-14T20:47:47Z" name="TestCaseSocialMediaPages" finished-at="2024-08-14T20:48:43Z" duration-ms="56533" status="PASS">
          <reporter-output>
          </reporter-output>
        </test-method> <!-- TestCaseSocialMediaPages -->
        <test-method signature="TestCaseMakeMoneyWithUsLinksVerify()[pri:14, instance:tests.DashboardPageTestCases@e57b96d]" started-at="2024-08-14T20:48:43Z" name="TestCaseMakeMoneyWithUsLinksVerify" finished-at="2024-08-14T20:50:14Z" duration-ms="90402" status="PASS">
          <reporter-output>
          </reporter-output>
        </test-method> <!-- TestCaseMakeMoneyWithUsLinksVerify -->
        <test-method is-config="true" signature="teardown()[pri:0, instance:tests.DashboardPageTestCases@e57b96d]" started-at="2024-08-14T20:50:14Z" name="teardown" finished-at="2024-08-14T20:50:18Z" duration-ms="3920" status="PASS">
          <reporter-output>
          </reporter-output>
        </test-method> <!-- teardown -->
      </class> <!-- tests.DashboardPageTestCases -->
    </test> <!-- Default test -->
  </suite> <!-- Default suite -->
</testng-results>
