<?xml version="1.0" encoding="UTF-8"?>
<testng-results total="3" passed="3" failed="0" skipped="0">
  <reporter-output>
  </reporter-output>
  <suite started-at="2024-08-08T16:09:26Z" name="Default suite" finished-at="2024-08-08T16:09:51Z" duration-ms="24132">
    <groups>
    </groups>
    <test started-at="2024-08-08T16:09:26Z" name="Default test" finished-at="2024-08-08T16:09:51Z" duration-ms="24132">
      <class name="pages.DashboardPageTestCases">
        <test-method is-config="true" signature="setup()[pri:0, instance:pages.DashboardPageTestCases@64bce832]" started-at="2024-08-08T21:39:26Z" name="setup" finished-at="2024-08-08T21:39:31Z" duration-ms="4659" status="PASS">
          <reporter-output>
          </reporter-output>
        </test-method> <!-- setup -->
        <test-method signature="TestCaseVerifyTitle()[pri:0, instance:pages.DashboardPageTestCases@64bce832]" started-at="2024-08-08T21:39:31Z" name="TestCaseVerifyTitle" finished-at="2024-08-08T21:39:31Z" duration-ms="80" status="PASS">
          <reporter-output>
          </reporter-output>
        </test-method> <!-- TestCaseVerifyTitle -->
        <test-method signature="TestCaseClickOnCarousalLeftButton()[pri:2, instance:pages.DashboardPageTestCases@64bce832]" started-at="2024-08-08T21:39:31Z" name="TestCaseClickOnCarousalLeftButton" finished-at="2024-08-08T21:39:39Z" duration-ms="7649" status="PASS">
          <reporter-output>
          </reporter-output>
        </test-method> <!-- TestCaseClickOnCarousalLeftButton -->
        <test-method signature="TestCaseAmazonServiceCategoriesVerify()[pri:16, instance:pages.DashboardPageTestCases@64bce832]" started-at="2024-08-08T21:39:39Z" name="TestCaseAmazonServiceCategoriesVerify" finished-at="2024-08-08T21:39:47Z" duration-ms="8278" status="PASS">
          <reporter-output>
          </reporter-output>
        </test-method> <!-- TestCaseAmazonServiceCategoriesVerify -->
        <test-method is-config="true" signature="teardown()[pri:0, instance:pages.DashboardPageTestCases@64bce832]" started-at="2024-08-08T21:39:47Z" name="teardown" finished-at="2024-08-08T21:39:51Z" duration-ms="3441" status="PASS">
          <reporter-output>
          </reporter-output>
        </test-method> <!-- teardown -->
      </class> <!-- pages.DashboardPageTestCases -->
    </test> <!-- Default test -->
  </suite> <!-- Default suite -->
</testng-results>
