<?xml version="1.0" encoding="UTF-8"?>
<testng-results total="23" passed="21" failed="2" skipped="0">
  <reporter-output>
  </reporter-output>
  <suite started-at="2024-08-14T15:59:28Z" name="Default suite" finished-at="2024-08-14T16:09:10Z" duration-ms="582414">
    <groups>
    </groups>
    <test started-at="2024-08-14T15:59:28Z" name="Default test" finished-at="2024-08-14T16:09:10Z" duration-ms="582414">
      <class name="tests.DashboardPageTestCases">
        <test-method is-config="true" signature="setup()[pri:0, instance:tests.DashboardPageTestCases@76a2ddf3]" started-at="2024-08-14T21:29:28Z" name="setup" finished-at="2024-08-14T21:29:35Z" duration-ms="7335" status="PASS">
          <reporter-output>
          </reporter-output>
        </test-method> <!-- setup -->
        <test-method signature="TestCaseVerifyTitle()[pri:0, instance:tests.DashboardPageTestCases@76a2ddf3]" started-at="2024-08-14T21:29:35Z" name="TestCaseVerifyTitle" finished-at="2024-08-14T21:29:38Z" duration-ms="3060" status="PASS">
          <reporter-output>
          </reporter-output>
        </test-method> <!-- TestCaseVerifyTitle -->
        <test-method signature="TestCaseClickOnCarousalLeftButton()[pri:2, instance:tests.DashboardPageTestCases@76a2ddf3]" started-at="2024-08-14T21:29:38Z" name="TestCaseClickOnCarousalLeftButton" finished-at="2024-08-14T21:29:47Z" duration-ms="8158" status="PASS">
          <reporter-output>
          </reporter-output>
        </test-method> <!-- TestCaseClickOnCarousalLeftButton -->
        <test-method signature="TestCaseClickOnCarousalRightButton()[pri:3, instance:tests.DashboardPageTestCases@76a2ddf3]" started-at="2024-08-14T21:29:47Z" name="TestCaseClickOnCarousalRightButton" finished-at="2024-08-14T21:29:55Z" duration-ms="8187" status="PASS">
          <reporter-output>
          </reporter-output>
        </test-method> <!-- TestCaseClickOnCarousalRightButton -->
        <test-method signature="TestCaseClickOnHamburgerMenuButton()[pri:5, instance:tests.DashboardPageTestCases@76a2ddf3]" started-at="2024-08-14T21:29:55Z" name="TestCaseClickOnHamburgerMenuButton" finished-at="2024-08-14T21:29:59Z" duration-ms="4583" status="PASS">
          <reporter-output>
          </reporter-output>
        </test-method> <!-- TestCaseClickOnHamburgerMenuButton -->
        <test-method signature="TestCaseSearchForProduct()[pri:6, instance:tests.DashboardPageTestCases@76a2ddf3]" started-at="2024-08-14T21:29:59Z" name="TestCaseSearchForProduct" finished-at="2024-08-14T21:30:13Z" duration-ms="13308" status="PASS">
          <reporter-output>
          </reporter-output>
        </test-method> <!-- TestCaseSearchForProduct -->
        <test-method signature="TestCaseAmazonLogo()[pri:7, instance:tests.DashboardPageTestCases@76a2ddf3]" started-at="2024-08-14T21:30:13Z" name="TestCaseAmazonLogo" finished-at="2024-08-14T21:30:18Z" duration-ms="5155" status="PASS">
          <reporter-output>
          </reporter-output>
        </test-method> <!-- TestCaseAmazonLogo -->
        <test-method signature="TestCaseEnterCurrentPinCode()[pri:8, instance:tests.DashboardPageTestCases@76a2ddf3]" started-at="2024-08-14T21:30:18Z" name="TestCaseEnterCurrentPinCode" finished-at="2024-08-14T21:30:27Z" duration-ms="8723" status="PASS">
          <reporter-output>
          </reporter-output>
        </test-method> <!-- TestCaseEnterCurrentPinCode -->
        <test-method signature="TestCaseChangeWebsiteLanguage()[pri:9, instance:tests.DashboardPageTestCases@76a2ddf3]" started-at="2024-08-14T21:30:27Z" name="TestCaseChangeWebsiteLanguage" finished-at="2024-08-14T21:30:37Z" duration-ms="10820" status="PASS">
          <reporter-output>
          </reporter-output>
        </test-method> <!-- TestCaseChangeWebsiteLanguage -->
        <test-method signature="TestCaseSignInPage()[pri:10, instance:tests.DashboardPageTestCases@76a2ddf3]" started-at="2024-08-14T21:30:37Z" name="TestCaseSignInPage" finished-at="2024-08-14T21:30:46Z" duration-ms="9023" status="PASS">
          <reporter-output>
          </reporter-output>
        </test-method> <!-- TestCaseSignInPage -->
        <test-method signature="TestCaseClickOnAboutUsButton()[pri:11, instance:tests.DashboardPageTestCases@76a2ddf3]" started-at="2024-08-14T21:30:46Z" name="TestCaseClickOnAboutUsButton" finished-at="2024-08-14T21:30:54Z" duration-ms="7836" status="PASS">
          <reporter-output>
          </reporter-output>
        </test-method> <!-- TestCaseClickOnAboutUsButton -->
        <test-method signature="TestCaseFooterGetToKnowUsLinksVerification()[pri:12, instance:tests.DashboardPageTestCases@76a2ddf3]" started-at="2024-08-14T21:30:54Z" name="TestCaseFooterGetToKnowUsLinksVerification" finished-at="2024-08-14T21:31:14Z" duration-ms="19875" status="PASS">
          <reporter-output>
          </reporter-output>
        </test-method> <!-- TestCaseFooterGetToKnowUsLinksVerification -->
        <test-method signature="TestCaseSocialMediaPages()[pri:13, instance:tests.DashboardPageTestCases@76a2ddf3]" started-at="2024-08-14T21:31:14Z" name="TestCaseSocialMediaPages" finished-at="2024-08-14T21:32:10Z" duration-ms="56032" status="PASS">
          <reporter-output>
          </reporter-output>
        </test-method> <!-- TestCaseSocialMediaPages -->
        <test-method signature="TestCaseMakeMoneyWithUsLinksVerify()[pri:14, instance:tests.DashboardPageTestCases@76a2ddf3]" started-at="2024-08-14T21:32:10Z" name="TestCaseMakeMoneyWithUsLinksVerify" finished-at="2024-08-14T21:33:41Z" duration-ms="90479" status="PASS">
          <reporter-output>
          </reporter-output>
        </test-method> <!-- TestCaseMakeMoneyWithUsLinksVerify -->
        <test-method signature="TestCaseLetUsHelpYouVerify()[pri:15, instance:tests.DashboardPageTestCases@76a2ddf3]" started-at="2024-08-14T21:33:41Z" name="TestCaseLetUsHelpYouVerify" finished-at="2024-08-14T21:33:45Z" duration-ms="4260" status="FAIL">
          <exception class="org.openqa.selenium.ElementClickInterceptedException">
            <message>
              <![CDATA[element click intercepted: Element <a href="/gp/help/customer/display.html?nodeId=GDFU3JS5AL6SYHRD&amp;ref_=footer_covid" class="nav_a">...</a> is not clickable at point (1120, 46). Other element would receive the click: <input id="nav-search-submit-button" type="submit" class="nav-input nav-progressive-attribute" value="Go" tabindex="0">
  (Session info: chrome=127.0.6533.100)
Build info: version: '4.20.0', revision: '866c76ca80'
System info: os.name: 'Windows 11', os.arch: 'amd64', os.version: '10.0', java.version: '17.0.11'
Driver info: org.openqa.selenium.chrome.ChromeDriver
Command: [94c7d9756b08654bd8ee98b9a27a51fd, clickElement {id=f.C66B8F5959652323ACD6DA95B4F4186C.d.25E8EC1446AA4F1476410A305065C670.e.2457}]
Capabilities {acceptInsecureCerts: false, browserName: chrome, browserVersion: 127.0.6533.100, chrome: {chromedriverVersion: 127.0.6533.99 (f31af5097d90..., userDataDir: C:\Users\rudre\AppData\Loca...}, fedcm:accounts: true, goog:chromeOptions: {debuggerAddress: localhost:53178}, networkConnectionEnabled: false, pageLoadStrategy: normal, platformName: windows, proxy: Proxy(), se:cdp: ws://localhost:53178/devtoo..., se:cdpVersion: 127.0.6533.100, setWindowRect: true, strictFileInteractability: false, timeouts: {implicit: 0, pageLoad: 300000, script: 30000}, unhandledPromptBehavior: dismiss and notify, webauthn:extension:credBlob: true, webauthn:extension:largeBlob: true, webauthn:extension:minPinLength: true, webauthn:extension:prf: true, webauthn:virtualAuthenticators: true}
Element: [[ChromeDriver: chrome on windows (94c7d9756b08654bd8ee98b9a27a51fd)] -> xpath: (//a[@class='nav_a'])[17]]
Session ID: 94c7d9756b08654bd8ee98b9a27a51fd]]>
            </message>
            <full-stacktrace>
              <![CDATA[org.openqa.selenium.ElementClickInterceptedException: element click intercepted: Element <a href="/gp/help/customer/display.html?nodeId=GDFU3JS5AL6SYHRD&amp;ref_=footer_covid" class="nav_a">...</a> is not clickable at point (1120, 46). Other element would receive the click: <input id="nav-search-submit-button" type="submit" class="nav-input nav-progressive-attribute" value="Go" tabindex="0">
  (Session info: chrome=127.0.6533.100)
Build info: version: '4.20.0', revision: '866c76ca80'
System info: os.name: 'Windows 11', os.arch: 'amd64', os.version: '10.0', java.version: '17.0.11'
Driver info: org.openqa.selenium.chrome.ChromeDriver
Command: [94c7d9756b08654bd8ee98b9a27a51fd, clickElement {id=f.C66B8F5959652323ACD6DA95B4F4186C.d.25E8EC1446AA4F1476410A305065C670.e.2457}]
Capabilities {acceptInsecureCerts: false, browserName: chrome, browserVersion: 127.0.6533.100, chrome: {chromedriverVersion: 127.0.6533.99 (f31af5097d90..., userDataDir: C:\Users\rudre\AppData\Loca...}, fedcm:accounts: true, goog:chromeOptions: {debuggerAddress: localhost:53178}, networkConnectionEnabled: false, pageLoadStrategy: normal, platformName: windows, proxy: Proxy(), se:cdp: ws://localhost:53178/devtoo..., se:cdpVersion: 127.0.6533.100, setWindowRect: true, strictFileInteractability: false, timeouts: {implicit: 0, pageLoad: 300000, script: 30000}, unhandledPromptBehavior: dismiss and notify, webauthn:extension:credBlob: true, webauthn:extension:largeBlob: true, webauthn:extension:minPinLength: true, webauthn:extension:prf: true, webauthn:virtualAuthenticators: true}
Element: [[ChromeDriver: chrome on windows (94c7d9756b08654bd8ee98b9a27a51fd)] -> xpath: (//a[@class='nav_a'])[17]]
Session ID: 94c7d9756b08654bd8ee98b9a27a51fd
	at java.base/jdk.internal.reflect.NativeConstructorAccessorImpl.newInstance0(Native Method)
	at java.base/jdk.internal.reflect.NativeConstructorAccessorImpl.newInstance(NativeConstructorAccessorImpl.java:77)
	at java.base/jdk.internal.reflect.DelegatingConstructorAccessorImpl.newInstance(DelegatingConstructorAccessorImpl.java:45)
	at java.base/java.lang.reflect.Constructor.newInstanceWithCaller(Constructor.java:499)
	at java.base/java.lang.reflect.Constructor.newInstance(Constructor.java:480)
	at org.openqa.selenium.remote.ErrorCodec.decode(ErrorCodec.java:167)
	at org.openqa.selenium.remote.codec.w3c.W3CHttpResponseCodec.decode(W3CHttpResponseCodec.java:138)
	at org.openqa.selenium.remote.codec.w3c.W3CHttpResponseCodec.decode(W3CHttpResponseCodec.java:50)
	at org.openqa.selenium.remote.HttpCommandExecutor.execute(HttpCommandExecutor.java:190)
	at org.openqa.selenium.remote.service.DriverCommandExecutor.invokeExecute(DriverCommandExecutor.java:216)
	at org.openqa.selenium.remote.service.DriverCommandExecutor.execute(DriverCommandExecutor.java:174)
	at org.openqa.selenium.remote.RemoteWebDriver.execute(RemoteWebDriver.java:518)
	at org.openqa.selenium.remote.RemoteWebElement.execute(RemoteWebElement.java:223)
	at org.openqa.selenium.remote.RemoteWebElement.click(RemoteWebElement.java:76)
	at jdk.internal.reflect.GeneratedMethodAccessor1.invoke(Unknown Source)
	at java.base/jdk.internal.reflect.DelegatingMethodAccessorImpl.invoke(DelegatingMethodAccessorImpl.java:43)
	at java.base/java.lang.reflect.Method.invoke(Method.java:568)
	at org.openqa.selenium.support.pagefactory.internal.LocatingElementHandler.invoke(LocatingElementHandler.java:51)
	at jdk.proxy2/jdk.proxy2.$Proxy12.click(Unknown Source)
	at tests.DashboardPageTestCases.TestCaseLetUsHelpYouVerify(DashboardPageTestCases.java:410)
	at java.base/jdk.internal.reflect.NativeMethodAccessorImpl.invoke0(Native Method)
	at java.base/jdk.internal.reflect.NativeMethodAccessorImpl.invoke(NativeMethodAccessorImpl.java:77)
	at java.base/jdk.internal.reflect.DelegatingMethodAccessorImpl.invoke(DelegatingMethodAccessorImpl.java:43)
	at java.base/java.lang.reflect.Method.invoke(Method.java:568)
	at org.testng.internal.MethodInvocationHelper.invokeMethod(MethodInvocationHelper.java:86)
	at org.testng.internal.Invoker.invokeMethod(Invoker.java:643)
	at org.testng.internal.Invoker.invokeTestMethod(Invoker.java:820)
	at org.testng.internal.Invoker.invokeTestMethods(Invoker.java:1128)
	at org.testng.internal.TestMethodWorker.invokeTestMethods(TestMethodWorker.java:129)
	at org.testng.internal.TestMethodWorker.run(TestMethodWorker.java:112)
	at org.testng.TestRunner.privateRun(TestRunner.java:782)
	at org.testng.TestRunner.run(TestRunner.java:632)
	at org.testng.SuiteRunner.runTest(SuiteRunner.java:366)
	at org.testng.SuiteRunner.runSequentially(SuiteRunner.java:361)
	at org.testng.SuiteRunner.privateRun(SuiteRunner.java:319)
	at org.testng.SuiteRunner.run(SuiteRunner.java:268)
	at org.testng.SuiteRunnerWorker.runSuite(SuiteRunnerWorker.java:52)
	at org.testng.SuiteRunnerWorker.run(SuiteRunnerWorker.java:86)
	at org.testng.TestNG.runSuitesSequentially(TestNG.java:1244)
	at org.testng.TestNG.runSuitesLocally(TestNG.java:1169)
	at org.testng.TestNG.run(TestNG.java:1064)
	at org.testng.remote.AbstractRemoteTestNG.run(AbstractRemoteTestNG.java:115)
	at org.testng.remote.RemoteTestNG.initAndRun(RemoteTestNG.java:293)
	at org.testng.remote.RemoteTestNG.main(RemoteTestNG.java:91)
]]>
            </full-stacktrace>
          </exception> <!-- org.openqa.selenium.ElementClickInterceptedException -->
          <reporter-output>
          </reporter-output>
        </test-method> <!-- TestCaseLetUsHelpYouVerify -->
        <test-method signature="TestCaseAmazonServiceCategoriesVerify()[pri:16, instance:tests.DashboardPageTestCases@76a2ddf3]" started-at="2024-08-14T21:33:45Z" name="TestCaseAmazonServiceCategoriesVerify" finished-at="2024-08-14T21:34:59Z" duration-ms="73743" status="PASS">
          <reporter-output>
          </reporter-output>
        </test-method> <!-- TestCaseAmazonServiceCategoriesVerify -->
        <test-method signature="TestCaseFooterCopyRightLinksVerify()[pri:17, instance:tests.DashboardPageTestCases@76a2ddf3]" started-at="2024-08-14T21:34:59Z" name="TestCaseFooterCopyRightLinksVerify" finished-at="2024-08-14T21:35:22Z" duration-ms="22936" status="PASS">
          <reporter-output>
          </reporter-output>
        </test-method> <!-- TestCaseFooterCopyRightLinksVerify -->
        <test-method signature="TestCaseAmazonTextVerify()[pri:18, instance:tests.DashboardPageTestCases@76a2ddf3]" started-at="2024-08-14T21:35:22Z" name="TestCaseAmazonTextVerify" finished-at="2024-08-14T21:35:25Z" duration-ms="3086" status="PASS">
          <reporter-output>
          </reporter-output>
        </test-method> <!-- TestCaseAmazonTextVerify -->
        <test-method signature="TestCaseAmazonFooterLogoVerify()[pri:19, instance:tests.DashboardPageTestCases@76a2ddf3]" started-at="2024-08-14T21:35:25Z" name="TestCaseAmazonFooterLogoVerify" finished-at="2024-08-14T21:35:29Z" duration-ms="4762" status="PASS">
          <reporter-output>
          </reporter-output>
        </test-method> <!-- TestCaseAmazonFooterLogoVerify -->
        <test-method signature="TestCaseLanguageChangeFromFooterVerify()[pri:20, instance:tests.DashboardPageTestCases@76a2ddf3]" started-at="2024-08-14T21:35:29Z" name="TestCaseLanguageChangeFromFooterVerify" finished-at="2024-08-14T21:36:03Z" duration-ms="33814" status="PASS">
          <reporter-output>
          </reporter-output>
        </test-method> <!-- TestCaseLanguageChangeFromFooterVerify -->
        <test-method signature="TestCaseSelectCountryVerify()[pri:21, instance:tests.DashboardPageTestCases@76a2ddf3]" started-at="2024-08-14T21:36:03Z" name="TestCaseSelectCountryVerify" finished-at="2024-08-14T21:36:35Z" duration-ms="32212" status="PASS">
          <reporter-output>
          </reporter-output>
        </test-method> <!-- TestCaseSelectCountryVerify -->
        <test-method signature="TestCaseSideNavigationTrendingUrlsVerify()[pri:22, instance:tests.DashboardPageTestCases@76a2ddf3]" started-at="2024-08-14T21:36:35Z" name="TestCaseSideNavigationTrendingUrlsVerify" finished-at="2024-08-14T21:37:19Z" duration-ms="43438" status="PASS">
          <reporter-output>
          </reporter-output>
        </test-method> <!-- TestCaseSideNavigationTrendingUrlsVerify -->
        <test-method signature="TestCaseSideNavigationDigitalContentAndDevicesVerify()[pri:23, instance:tests.DashboardPageTestCases@76a2ddf3]" started-at="2024-08-14T21:37:19Z" name="TestCaseSideNavigationDigitalContentAndDevicesVerify" finished-at="2024-08-14T21:38:57Z" duration-ms="98124" status="PASS">
          <reporter-output>
          </reporter-output>
        </test-method> <!-- TestCaseSideNavigationDigitalContentAndDevicesVerify -->
        <test-method signature="TestCaseProductFilter()[pri:24, instance:tests.DashboardPageTestCases@76a2ddf3]" started-at="2024-08-14T21:38:57Z" name="TestCaseProductFilter" finished-at="2024-08-14T21:39:06Z" duration-ms="8798" status="FAIL">
          <exception class="java.lang.AssertionError">
            <message>
              <![CDATA[Test case failed due to an exception: element click intercepted: Element <input type="checkbox" name="" value=""> is not clickable at point (19, 306). Other element would receive the click: <i class="a-icon a-icon-checkbox"></i>
  (Session info: chrome=127.0.6533.100)
Build info: version: '4.20.0', revision: '866c76ca80'
System info: os.name: 'Windows 11', os.arch: 'amd64', os.version: '10.0', java.version: '17.0.11'
Driver info: org.openqa.selenium.chrome.ChromeDriver
Command: [94c7d9756b08654bd8ee98b9a27a51fd, clickElement {id=f.C66B8F5959652323ACD6DA95B4F4186C.d.CD5622DEC8D48B344DE6026DF8E091A0.e.5378}]
Capabilities {acceptInsecureCerts: false, browserName: chrome, browserVersion: 127.0.6533.100, chrome: {chromedriverVersion: 127.0.6533.99 (f31af5097d90..., userDataDir: C:\Users\rudre\AppData\Loca...}, fedcm:accounts: true, goog:chromeOptions: {debuggerAddress: localhost:53178}, networkConnectionEnabled: false, pageLoadStrategy: normal, platformName: windows, proxy: Proxy(), se:cdp: ws://localhost:53178/devtoo..., se:cdpVersion: 127.0.6533.100, setWindowRect: true, strictFileInteractability: false, timeouts: {implicit: 0, pageLoad: 300000, script: 30000}, unhandledPromptBehavior: dismiss and notify, webauthn:extension:credBlob: true, webauthn:extension:largeBlob: true, webauthn:extension:minPinLength: true, webauthn:extension:prf: true, webauthn:virtualAuthenticators: true}
Element: [[ChromeDriver: chrome on windows (94c7d9756b08654bd8ee98b9a27a51fd)] -> xpath: (//input[@type='checkbox'])[1]]
Session ID: 94c7d9756b08654bd8ee98b9a27a51fd]]>
            </message>
            <full-stacktrace>
              <![CDATA[java.lang.AssertionError: Test case failed due to an exception: element click intercepted: Element <input type="checkbox" name="" value=""> is not clickable at point (19, 306). Other element would receive the click: <i class="a-icon a-icon-checkbox"></i>
  (Session info: chrome=127.0.6533.100)
Build info: version: '4.20.0', revision: '866c76ca80'
System info: os.name: 'Windows 11', os.arch: 'amd64', os.version: '10.0', java.version: '17.0.11'
Driver info: org.openqa.selenium.chrome.ChromeDriver
Command: [94c7d9756b08654bd8ee98b9a27a51fd, clickElement {id=f.C66B8F5959652323ACD6DA95B4F4186C.d.CD5622DEC8D48B344DE6026DF8E091A0.e.5378}]
Capabilities {acceptInsecureCerts: false, browserName: chrome, browserVersion: 127.0.6533.100, chrome: {chromedriverVersion: 127.0.6533.99 (f31af5097d90..., userDataDir: C:\Users\rudre\AppData\Loca...}, fedcm:accounts: true, goog:chromeOptions: {debuggerAddress: localhost:53178}, networkConnectionEnabled: false, pageLoadStrategy: normal, platformName: windows, proxy: Proxy(), se:cdp: ws://localhost:53178/devtoo..., se:cdpVersion: 127.0.6533.100, setWindowRect: true, strictFileInteractability: false, timeouts: {implicit: 0, pageLoad: 300000, script: 30000}, unhandledPromptBehavior: dismiss and notify, webauthn:extension:credBlob: true, webauthn:extension:largeBlob: true, webauthn:extension:minPinLength: true, webauthn:extension:prf: true, webauthn:virtualAuthenticators: true}
Element: [[ChromeDriver: chrome on windows (94c7d9756b08654bd8ee98b9a27a51fd)] -> xpath: (//input[@type='checkbox'])[1]]
Session ID: 94c7d9756b08654bd8ee98b9a27a51fd
	at org.testng.Assert.fail(Assert.java:94)
	at tests.DashboardPageTestCases.TestCaseProductFilter(DashboardPageTestCases.java:1102)
	at java.base/jdk.internal.reflect.NativeMethodAccessorImpl.invoke0(Native Method)
	at java.base/jdk.internal.reflect.NativeMethodAccessorImpl.invoke(NativeMethodAccessorImpl.java:77)
	at java.base/jdk.internal.reflect.DelegatingMethodAccessorImpl.invoke(DelegatingMethodAccessorImpl.java:43)
	at java.base/java.lang.reflect.Method.invoke(Method.java:568)
	at org.testng.internal.MethodInvocationHelper.invokeMethod(MethodInvocationHelper.java:86)
	at org.testng.internal.Invoker.invokeMethod(Invoker.java:643)
	at org.testng.internal.Invoker.invokeTestMethod(Invoker.java:820)
	at org.testng.internal.Invoker.invokeTestMethods(Invoker.java:1128)
	at org.testng.internal.TestMethodWorker.invokeTestMethods(TestMethodWorker.java:129)
	at org.testng.internal.TestMethodWorker.run(TestMethodWorker.java:112)
	at org.testng.TestRunner.privateRun(TestRunner.java:782)
	at org.testng.TestRunner.run(TestRunner.java:632)
	at org.testng.SuiteRunner.runTest(SuiteRunner.java:366)
	at org.testng.SuiteRunner.runSequentially(SuiteRunner.java:361)
	at org.testng.SuiteRunner.privateRun(SuiteRunner.java:319)
	at org.testng.SuiteRunner.run(SuiteRunner.java:268)
	at org.testng.SuiteRunnerWorker.runSuite(SuiteRunnerWorker.java:52)
	at org.testng.SuiteRunnerWorker.run(SuiteRunnerWorker.java:86)
	at org.testng.TestNG.runSuitesSequentially(TestNG.java:1244)
	at org.testng.TestNG.runSuitesLocally(TestNG.java:1169)
	at org.testng.TestNG.run(TestNG.java:1064)
	at org.testng.remote.AbstractRemoteTestNG.run(AbstractRemoteTestNG.java:115)
	at org.testng.remote.RemoteTestNG.initAndRun(RemoteTestNG.java:293)
	at org.testng.remote.RemoteTestNG.main(RemoteTestNG.java:91)
]]>
            </full-stacktrace>
          </exception> <!-- java.lang.AssertionError -->
          <reporter-output>
          </reporter-output>
        </test-method> <!-- TestCaseProductFilter -->
        <test-method is-config="true" signature="teardown()[pri:0, instance:tests.DashboardPageTestCases@76a2ddf3]" started-at="2024-08-14T21:39:06Z" name="teardown" finished-at="2024-08-14T21:39:10Z" duration-ms="4600" status="PASS">
          <reporter-output>
          </reporter-output>
        </test-method> <!-- teardown -->
      </class> <!-- tests.DashboardPageTestCases -->
    </test> <!-- Default test -->
  </suite> <!-- Default suite -->
</testng-results>
