<?xml version="1.0" encoding="UTF-8"?>
<testng-results total="3" passed="3" failed="0" skipped="0">
  <reporter-output>
  </reporter-output>
  <suite started-at="2024-08-07T18:44:54Z" name="Default suite" finished-at="2024-08-07T18:45:19Z" duration-ms="24661">
    <groups>
    </groups>
    <test started-at="2024-08-07T18:44:54Z" name="Default test" finished-at="2024-08-07T18:45:19Z" duration-ms="24661">
      <class name="pages.DashboardPageTestCases">
        <test-method is-config="true" signature="setup()[pri:0, instance:pages.DashboardPageTestCases@64bce832]" started-at="2024-08-08T00:14:54Z" name="setup" finished-at="2024-08-08T00:14:57Z" duration-ms="3280" status="PASS">
          <reporter-output>
          </reporter-output>
        </test-method> <!-- setup -->
        <test-method signature="TestCaseVerifyTitle()[pri:0, instance:pages.DashboardPageTestCases@64bce832]" started-at="2024-08-08T00:14:57Z" name="TestCaseVerifyTitle" finished-at="2024-08-08T00:14:57Z" duration-ms="51" status="PASS">
          <reporter-output>
          </reporter-output>
        </test-method> <!-- TestCaseVerifyTitle -->
        <test-method signature="TestCaseClickOnCarousalLeftButton()[pri:2, instance:pages.DashboardPageTestCases@64bce832]" started-at="2024-08-08T00:14:57Z" name="TestCaseClickOnCarousalLeftButton" finished-at="2024-08-08T00:15:05Z" duration-ms="7797" status="PASS">
          <reporter-output>
          </reporter-output>
        </test-method> <!-- TestCaseClickOnCarousalLeftButton -->
        <test-method signature="TestCaseAmazonServiceCategoriesVerify()[pri:16, instance:pages.DashboardPageTestCases@64bce832]" started-at="2024-08-08T00:15:05Z" name="TestCaseAmazonServiceCategoriesVerify" finished-at="2024-08-08T00:15:15Z" duration-ms="10159" status="PASS">
          <reporter-output>
          </reporter-output>
        </test-method> <!-- TestCaseAmazonServiceCategoriesVerify -->
        <test-method is-config="true" signature="teardown()[pri:0, instance:pages.DashboardPageTestCases@64bce832]" started-at="2024-08-08T00:15:15Z" name="teardown" finished-at="2024-08-08T00:15:19Z" duration-ms="3342" status="PASS">
          <reporter-output>
          </reporter-output>
        </test-method> <!-- teardown -->
      </class> <!-- pages.DashboardPageTestCases -->
    </test> <!-- Default test -->
  </suite> <!-- Default suite -->
</testng-results>
