<?xml version="1.0" encoding="UTF-8"?>
<testng-results total="3" passed="3" failed="0" skipped="0">
  <reporter-output>
  </reporter-output>
  <suite started-at="2024-08-03T15:47:33Z" name="Default suite" finished-at="2024-08-03T15:48:03Z" duration-ms="29983">
    <groups>
    </groups>
    <test started-at="2024-08-03T15:47:33Z" name="Default test" finished-at="2024-08-03T15:48:03Z" duration-ms="29983">
      <class name="pages.DashboardPageTestCases">
        <test-method is-config="true" signature="setup()[pri:0, instance:pages.DashboardPageTestCases@64bce832]" started-at="2024-08-03T21:17:33Z" name="setup" finished-at="2024-08-03T21:17:44Z" duration-ms="10509" status="PASS">
          <reporter-output>
          </reporter-output>
        </test-method> <!-- setup -->
        <test-method signature="TestCaseVerifyTitle()[pri:1, instance:pages.DashboardPageTestCases@64bce832]" started-at="2024-08-03T21:17:44Z" name="TestCaseVerifyTitle" finished-at="2024-08-03T21:17:44Z" duration-ms="40" status="PASS">
          <reporter-output>
          </reporter-output>
        </test-method> <!-- TestCaseVerifyTitle -->
        <test-method signature="TestCaseClickOnCarousalLeftButton()[pri:2, instance:pages.DashboardPageTestCases@64bce832]" started-at="2024-08-03T21:17:44Z" name="TestCaseClickOnCarousalLeftButton" finished-at="2024-08-03T21:17:52Z" duration-ms="8063" status="PASS">
          <reporter-output>
          </reporter-output>
        </test-method> <!-- TestCaseClickOnCarousalLeftButton -->
        <test-method signature="TestCaseClickOnCarousalRightButton()[pri:3, instance:pages.DashboardPageTestCases@64bce832]" started-at="2024-08-03T21:17:52Z" name="TestCaseClickOnCarousalRightButton" finished-at="2024-08-03T21:18:00Z" duration-ms="7913" status="PASS">
          <reporter-output>
          </reporter-output>
        </test-method> <!-- TestCaseClickOnCarousalRightButton -->
        <test-method is-config="true" signature="teardown()[pri:0, instance:pages.DashboardPageTestCases@64bce832]" started-at="2024-08-03T21:18:00Z" name="teardown" finished-at="2024-08-03T21:18:03Z" duration-ms="3438" status="PASS">
          <reporter-output>
          </reporter-output>
        </test-method> <!-- teardown -->
      </class> <!-- pages.DashboardPageTestCases -->
    </test> <!-- Default test -->
  </suite> <!-- Default suite -->
</testng-results>
