<?xml version="1.0" encoding="UTF-8"?>
<testng-results total="5" passed="5" failed="0" skipped="0">
  <reporter-output>
  </reporter-output>
  <suite started-at="2024-08-04T09:01:10Z" name="Default suite" finished-at="2024-08-04T09:01:49Z" duration-ms="38904">
    <groups>
    </groups>
    <test started-at="2024-08-04T09:01:10Z" name="Default test" finished-at="2024-08-04T09:01:49Z" duration-ms="38904">
      <class name="pages.DashboardPageTestCases">
        <test-method is-config="true" signature="setup()[pri:0, instance:pages.DashboardPageTestCases@602e0143]" started-at="2024-08-04T14:31:10Z" name="setup" finished-at="2024-08-04T14:31:19Z" duration-ms="8941" status="PASS">
          <reporter-output>
          </reporter-output>
        </test-method> <!-- setup -->
        <test-method signature="TestCaseVerifyTitle()[pri:1, instance:pages.DashboardPageTestCases@602e0143]" started-at="2024-08-04T14:31:19Z" name="TestCaseVerifyTitle" finished-at="2024-08-04T14:31:19Z" duration-ms="48" status="PASS">
          <reporter-output>
          </reporter-output>
        </test-method> <!-- TestCaseVerifyTitle -->
        <test-method signature="TestCaseClickOnCarousalLeftButton()[pri:2, instance:pages.DashboardPageTestCases@602e0143]" started-at="2024-08-04T14:31:19Z" name="TestCaseClickOnCarousalLeftButton" finished-at="2024-08-04T14:31:27Z" duration-ms="7989" status="PASS">
          <reporter-output>
          </reporter-output>
        </test-method> <!-- TestCaseClickOnCarousalLeftButton -->
        <test-method signature="TestCaseClickOnCarousalRightButton()[pri:3, instance:pages.DashboardPageTestCases@602e0143]" started-at="2024-08-04T14:31:27Z" name="TestCaseClickOnCarousalRightButton" finished-at="2024-08-04T14:31:35Z" duration-ms="7984" status="PASS">
          <reporter-output>
          </reporter-output>
        </test-method> <!-- TestCaseClickOnCarousalRightButton -->
        <test-method signature="TestCaseClickOnCarousalBanner()[pri:4, instance:pages.DashboardPageTestCases@602e0143]" started-at="2024-08-04T14:31:35Z" name="TestCaseClickOnCarousalBanner" finished-at="2024-08-04T14:31:44Z" duration-ms="8213" status="PASS">
          <reporter-output>
          </reporter-output>
        </test-method> <!-- TestCaseClickOnCarousalBanner -->
        <test-method signature="TestCaseclickOnHamburgerMenuButton()[pri:5, instance:pages.DashboardPageTestCases@602e0143]" started-at="2024-08-04T14:31:44Z" name="TestCaseclickOnHamburgerMenuButton" finished-at="2024-08-04T14:31:46Z" duration-ms="2191" status="PASS">
          <reporter-output>
          </reporter-output>
        </test-method> <!-- TestCaseclickOnHamburgerMenuButton -->
        <test-method is-config="true" signature="teardown()[pri:0, instance:pages.DashboardPageTestCases@602e0143]" started-at="2024-08-04T14:31:46Z" name="teardown" finished-at="2024-08-04T14:31:49Z" duration-ms="3503" status="PASS">
          <reporter-output>
          </reporter-output>
        </test-method> <!-- teardown -->
      </class> <!-- pages.DashboardPageTestCases -->
    </test> <!-- Default test -->
  </suite> <!-- Default suite -->
</testng-results>
