<?xml version="1.0" encoding="UTF-8"?>
<testng-results total="4" passed="4" failed="0" skipped="0">
  <reporter-output>
  </reporter-output>
  <suite started-at="2024-08-08T18:28:47Z" name="Default suite" finished-at="2024-08-08T18:30:00Z" duration-ms="73081">
    <groups>
    </groups>
    <test started-at="2024-08-08T18:28:47Z" name="Default test" finished-at="2024-08-08T18:30:00Z" duration-ms="73081">
      <class name="pages.DashboardPageTestCases">
        <test-method is-config="true" signature="setup()[pri:0, instance:pages.DashboardPageTestCases@764faa6]" started-at="2024-08-08T23:58:47Z" name="setup" finished-at="2024-08-08T23:58:53Z" duration-ms="5409" status="PASS">
          <reporter-output>
          </reporter-output>
        </test-method> <!-- setup -->
        <test-method signature="TestCaseVerifyTitle()[pri:0, instance:pages.DashboardPageTestCases@764faa6]" started-at="2024-08-08T23:58:53Z" name="TestCaseVerifyTitle" finished-at="2024-08-08T23:58:53Z" duration-ms="170" status="PASS">
          <reporter-output>
          </reporter-output>
        </test-method> <!-- TestCaseVerifyTitle -->
        <test-method signature="TestCaseClickOnCarousalLeftButton()[pri:2, instance:pages.DashboardPageTestCases@764faa6]" started-at="2024-08-08T23:58:53Z" name="TestCaseClickOnCarousalLeftButton" finished-at="2024-08-08T23:59:01Z" duration-ms="8440" status="PASS">
          <reporter-output>
          </reporter-output>
        </test-method> <!-- TestCaseClickOnCarousalLeftButton -->
        <test-method signature="TestCaseAmazonServiceCategoriesVerify()[pri:16, instance:pages.DashboardPageTestCases@764faa6]" started-at="2024-08-08T23:59:01Z" name="TestCaseAmazonServiceCategoriesVerify" finished-at="2024-08-08T23:59:45Z" duration-ms="44256" status="PASS">
          <reporter-output>
          </reporter-output>
        </test-method> <!-- TestCaseAmazonServiceCategoriesVerify -->
        <test-method signature="TestCaseFooterCopyRightLinksVerify()[pri:17, instance:pages.DashboardPageTestCases@764faa6]" started-at="2024-08-08T23:59:45Z" name="TestCaseFooterCopyRightLinksVerify" finished-at="2024-08-08T23:59:55Z" duration-ms="9906" status="PASS">
          <reporter-output>
          </reporter-output>
        </test-method> <!-- TestCaseFooterCopyRightLinksVerify -->
        <test-method is-config="true" signature="teardown()[pri:0, instance:pages.DashboardPageTestCases@764faa6]" started-at="2024-08-08T23:59:55Z" name="teardown" finished-at="2024-08-09T00:00:00Z" duration-ms="4857" status="PASS">
          <reporter-output>
          </reporter-output>
        </test-method> <!-- teardown -->
      </class> <!-- pages.DashboardPageTestCases -->
    </test> <!-- Default test -->
  </suite> <!-- Default suite -->
</testng-results>
